running egg_info
creating ../../build/turtle_control_pkg/turtle_control_pkg.egg-info
writing ../../build/turtle_control_pkg/turtle_control_pkg.egg-info/PKG-INFO
writing dependency_links to ../../build/turtle_control_pkg/turtle_control_pkg.egg-info/dependency_links.txt
writing entry points to ../../build/turtle_control_pkg/turtle_control_pkg.egg-info/entry_points.txt
writing requirements to ../../build/turtle_control_pkg/turtle_control_pkg.egg-info/requires.txt
writing top-level names to ../../build/turtle_control_pkg/turtle_control_pkg.egg-info/top_level.txt
writing manifest file '../../build/turtle_control_pkg/turtle_control_pkg.egg-info/SOURCES.txt'
reading manifest file '../../build/turtle_control_pkg/turtle_control_pkg.egg-info/SOURCES.txt'
adding license file 'LICENSE'
writing manifest file '../../build/turtle_control_pkg/turtle_control_pkg.egg-info/SOURCES.txt'
running build
running build_py
creating /home/omar-magdy/Autonomous_repo/build/turtle_control_pkg/build
creating /home/omar-magdy/Autonomous_repo/build/turtle_control_pkg/build/lib
creating /home/omar-magdy/Autonomous_repo/build/turtle_control_pkg/build/lib/turtle_control_pkg
copying turtle_control_pkg/__init__.py -> /home/omar-magdy/Autonomous_repo/build/turtle_control_pkg/build/lib/turtle_control_pkg
copying turtle_control_pkg/turtle_control.py -> /home/omar-magdy/Autonomous_repo/build/turtle_control_pkg/build/lib/turtle_control_pkg
running install
running install_lib
creating /home/omar-magdy/Autonomous_repo/install/turtle_control_pkg/lib/python3.12/site-packages/turtle_control_pkg
copying /home/omar-magdy/Autonomous_repo/build/turtle_control_pkg/build/lib/turtle_control_pkg/__init__.py -> /home/omar-magdy/Autonomous_repo/install/turtle_control_pkg/lib/python3.12/site-packages/turtle_control_pkg
copying /home/omar-magdy/Autonomous_repo/build/turtle_control_pkg/build/lib/turtle_control_pkg/turtle_control.py -> /home/omar-magdy/Autonomous_repo/install/turtle_control_pkg/lib/python3.12/site-packages/turtle_control_pkg
byte-compiling /home/omar-magdy/Autonomous_repo/install/turtle_control_pkg/lib/python3.12/site-packages/turtle_control_pkg/__init__.py to __init__.cpython-312.pyc
byte-compiling /home/omar-magdy/Autonomous_repo/install/turtle_control_pkg/lib/python3.12/site-packages/turtle_control_pkg/turtle_control.py to turtle_control.cpython-312.pyc
running install_data
creating /home/omar-magdy/Autonomous_repo/install/turtle_control_pkg/share/ament_index
creating /home/omar-magdy/Autonomous_repo/install/turtle_control_pkg/share/ament_index/resource_index
creating /home/omar-magdy/Autonomous_repo/install/turtle_control_pkg/share/ament_index/resource_index/packages
copying resource/turtle_control_pkg -> /home/omar-magdy/Autonomous_repo/install/turtle_control_pkg/share/ament_index/resource_index/packages
copying package.xml -> /home/omar-magdy/Autonomous_repo/install/turtle_control_pkg/share/turtle_control_pkg
running install_egg_info
Copying ../../build/turtle_control_pkg/turtle_control_pkg.egg-info to /home/omar-magdy/Autonomous_repo/install/turtle_control_pkg/lib/python3.12/site-packages/turtle_control_pkg-0.0.0-py3.12.egg-info
running install_scripts
Installing turtle_control script to /home/omar-magdy/Autonomous_repo/install/turtle_control_pkg/lib/turtle_control_pkg
writing list of installed files to '/home/omar-magdy/Autonomous_repo/build/turtle_control_pkg/install.log'
