[0.545s] Invoking command in '/home/omar-magdy/Autonomous_repo/src/turtle_control_pkg': DEBUGINFOD_URLS=https://debuginfod.ubuntu.com PYTHONPATH=/home/omar-magdy/Autonomous_repo/build/turtle_control_pkg/prefix_override:/usr/lib/python3/dist-packages/colcon_core/task/python/colcon_distutils_commands:/home/omar-magdy/Autonomous_repo/install/turtle_control_pkg/lib/python3.12/site-packages:${PYTHONPATH} /usr/bin/python3 -W ignore:setup.py install is deprecated -W ignore:easy_install command is deprecated setup.py egg_info --egg-base ../../build/turtle_control_pkg build --build-base /home/omar-magdy/Autonomous_repo/build/turtle_control_pkg/build install --record /home/omar-magdy/Autonomous_repo/build/turtle_control_pkg/install.log --single-version-externally-managed install_data
[0.724s] running egg_info
[0.724s] creating ../../build/turtle_control_pkg/turtle_control_pkg.egg-info
[0.737s] writing ../../build/turtle_control_pkg/turtle_control_pkg.egg-info/PKG-INFO
[0.737s] writing dependency_links to ../../build/turtle_control_pkg/turtle_control_pkg.egg-info/dependency_links.txt
[0.738s] writing entry points to ../../build/turtle_control_pkg/turtle_control_pkg.egg-info/entry_points.txt
[0.738s] writing requirements to ../../build/turtle_control_pkg/turtle_control_pkg.egg-info/requires.txt
[0.738s] writing top-level names to ../../build/turtle_control_pkg/turtle_control_pkg.egg-info/top_level.txt
[0.738s] writing manifest file '../../build/turtle_control_pkg/turtle_control_pkg.egg-info/SOURCES.txt'
[0.764s] reading manifest file '../../build/turtle_control_pkg/turtle_control_pkg.egg-info/SOURCES.txt'
[0.764s] adding license file 'LICENSE'
[0.765s] writing manifest file '../../build/turtle_control_pkg/turtle_control_pkg.egg-info/SOURCES.txt'
[0.765s] running build
[0.765s] running build_py
[0.765s] creating /home/omar-magdy/Autonomous_repo/build/turtle_control_pkg/build
[0.765s] creating /home/omar-magdy/Autonomous_repo/build/turtle_control_pkg/build/lib
[0.765s] creating /home/omar-magdy/Autonomous_repo/build/turtle_control_pkg/build/lib/turtle_control_pkg
[0.765s] copying turtle_control_pkg/__init__.py -> /home/omar-magdy/Autonomous_repo/build/turtle_control_pkg/build/lib/turtle_control_pkg
[0.765s] copying turtle_control_pkg/turtle_control.py -> /home/omar-magdy/Autonomous_repo/build/turtle_control_pkg/build/lib/turtle_control_pkg
[0.765s] running install
[0.770s] running install_lib
[0.783s] creating /home/omar-magdy/Autonomous_repo/install/turtle_control_pkg/lib/python3.12/site-packages/turtle_control_pkg
[0.783s] copying /home/omar-magdy/Autonomous_repo/build/turtle_control_pkg/build/lib/turtle_control_pkg/__init__.py -> /home/omar-magdy/Autonomous_repo/install/turtle_control_pkg/lib/python3.12/site-packages/turtle_control_pkg
[0.783s] copying /home/omar-magdy/Autonomous_repo/build/turtle_control_pkg/build/lib/turtle_control_pkg/turtle_control.py -> /home/omar-magdy/Autonomous_repo/install/turtle_control_pkg/lib/python3.12/site-packages/turtle_control_pkg
[0.783s] byte-compiling /home/omar-magdy/Autonomous_repo/install/turtle_control_pkg/lib/python3.12/site-packages/turtle_control_pkg/__init__.py to __init__.cpython-312.pyc
[0.784s] byte-compiling /home/omar-magdy/Autonomous_repo/install/turtle_control_pkg/lib/python3.12/site-packages/turtle_control_pkg/turtle_control.py to turtle_control.cpython-312.pyc
[0.784s] running install_data
[0.784s] creating /home/omar-magdy/Autonomous_repo/install/turtle_control_pkg/share/ament_index
[0.784s] creating /home/omar-magdy/Autonomous_repo/install/turtle_control_pkg/share/ament_index/resource_index
[0.784s] creating /home/omar-magdy/Autonomous_repo/install/turtle_control_pkg/share/ament_index/resource_index/packages
[0.784s] copying resource/turtle_control_pkg -> /home/omar-magdy/Autonomous_repo/install/turtle_control_pkg/share/ament_index/resource_index/packages
[0.784s] copying package.xml -> /home/omar-magdy/Autonomous_repo/install/turtle_control_pkg/share/turtle_control_pkg
[0.784s] running install_egg_info
[0.798s] Copying ../../build/turtle_control_pkg/turtle_control_pkg.egg-info to /home/omar-magdy/Autonomous_repo/install/turtle_control_pkg/lib/python3.12/site-packages/turtle_control_pkg-0.0.0-py3.12.egg-info
[0.799s] running install_scripts
[0.890s] Installing turtle_control script to /home/omar-magdy/Autonomous_repo/install/turtle_control_pkg/lib/turtle_control_pkg
[0.890s] writing list of installed files to '/home/omar-magdy/Autonomous_repo/build/turtle_control_pkg/install.log'
[0.914s] Invoked command in '/home/omar-magdy/Autonomous_repo/src/turtle_control_pkg' returned '0': DEBUGINFOD_URLS=https://debuginfod.ubuntu.com PYTHONPATH=/home/omar-magdy/Autonomous_repo/build/turtle_control_pkg/prefix_override:/usr/lib/python3/dist-packages/colcon_core/task/python/colcon_distutils_commands:/home/omar-magdy/Autonomous_repo/install/turtle_control_pkg/lib/python3.12/site-packages:${PYTHONPATH} /usr/bin/python3 -W ignore:setup.py install is deprecated -W ignore:easy_install command is deprecated setup.py egg_info --egg-base ../../build/turtle_control_pkg build --build-base /home/omar-magdy/Autonomous_repo/build/turtle_control_pkg/build install --record /home/omar-magdy/Autonomous_repo/build/turtle_control_pkg/install.log --single-version-externally-managed install_data
