[0.008s] Invoking command in '/home/omar-magdy/Autonomous_repo/build/turtle_control_pkg': CMAKE_PREFIX_PATH=${CMAKE_PREFIX_PATH}:/opt/ros/jazzy DEBUGINFOD_URLS=https://debuginfod.ubuntu.com /usr/bin/cmake /home/omar-magdy/Autonomous_repo/src/turtle_control_pkg -DCMAKE_INSTALL_PREFIX=/home/omar-magdy/Autonomous_repo/install/turtle_control_pkg
[0.047s] -- The C compiler identification is GNU 13.3.0
[0.093s] -- The CXX compiler identification is GNU 13.3.0
[0.105s] -- Detecting C compiler ABI info
[0.207s] -- Detecting C compiler ABI info - done
[0.214s] -- Check for working C compiler: /usr/bin/cc - skipped
[0.214s] -- Detecting C compile features
[0.215s] -- Detecting C compile features - done
[0.224s] -- Detecting CXX compiler ABI info
[0.304s] -- Detecting CXX compiler ABI info - done
[0.310s] -- Check for working CXX compiler: /usr/bin/c++ - skipped
[0.310s] -- Detecting CXX compile features
[0.311s] -- Detecting CXX compile features - done
[0.314s] -- Found ament_cmake: 2.5.4 (/opt/ros/jazzy/share/ament_cmake/cmake)
[0.417s] -- Found Python3: /usr/bin/python3 (found version "3.12.3") found components: Interpreter 
[0.499s] -- Found geometry_msgs: 5.3.6 (/opt/ros/jazzy/share/geometry_msgs/cmake)
[0.535s] -- Found rosidl_generator_c: 4.6.6 (/opt/ros/jazzy/share/rosidl_generator_c/cmake)
[0.546s] -- Found rosidl_generator_cpp: 4.6.6 (/opt/ros/jazzy/share/rosidl_generator_cpp/cmake)
[0.559s] -- Using all available rosidl_typesupport_c: rosidl_typesupport_fastrtps_c;rosidl_typesupport_introspection_c
[0.573s] -- Using all available rosidl_typesupport_cpp: rosidl_typesupport_fastrtps_cpp;rosidl_typesupport_introspection_cpp
[0.608s] -- Found rosidl_default_generators: 1.6.0 (/opt/ros/jazzy/share/rosidl_default_generators/cmake)
[0.620s] -- Found rosidl_adapter: 4.6.6 (/opt/ros/jazzy/share/rosidl_adapter/cmake)
[1.136s] -- Found ament_cmake_ros: 0.12.0 (/opt/ros/jazzy/share/ament_cmake_ros/cmake)
[1.710s] -- Using all available rosidl_typesupport_c: rosidl_typesupport_fastrtps_c;rosidl_typesupport_introspection_c
[1.935s] -- Using all available rosidl_typesupport_cpp: rosidl_typesupport_fastrtps_cpp;rosidl_typesupport_introspection_cpp
[1.937s] -- Found python_cmake_module: 0.11.1 (/opt/ros/jazzy/share/python_cmake_module/cmake)
[2.031s] -- Found PythonExtra: /usr/bin/python3  
[2.324s] -- Found Python3: /usr/bin/python3 (found version "3.12.3") found components: Interpreter Development NumPy Development.Module Development.Embed 
[2.345s] [31mCMake Error at /opt/ros/jazzy/share/ament_cmake_python/cmake/ament_python_install_package.cmake:122 (add_custom_target):
[2.345s]   add_custom_target cannot create target
[2.345s]   "ament_cmake_python_copy_turtle_control_pkg" because another target with
[2.345s]   the same name already exists.  The existing target is a custom target
[2.345s]   created in source directory
[2.345s]   "/home/omar-magdy/Autonomous_repo/src/turtle_control_pkg".  See
[2.345s]   documentation for policy CMP0002 for more details.
[2.345s] Call Stack (most recent call first):
[2.345s]   /opt/ros/jazzy/share/ament_cmake_python/cmake/ament_python_install_package.cmake:39 (_ament_cmake_python_install_package)
[2.345s]   /opt/ros/jazzy/share/rosidl_generator_py/cmake/rosidl_generator_py_generate_interfaces.cmake:123 (ament_python_install_package)
[2.346s]   /opt/ros/jazzy/share/ament_cmake_core/cmake/core/ament_execute_extensions.cmake:48 (include)
[2.346s]   /opt/ros/jazzy/share/rosidl_cmake/cmake/rosidl_generate_interfaces.cmake:280 (ament_execute_extensions)
[2.346s]   CMakeLists.txt:30 (rosidl_generate_interfaces)
[2.346s] 
[2.346s] [0m
[2.346s] [31mCMake Error at /opt/ros/jazzy/share/ament_cmake_python/cmake/ament_python_install_package.cmake:144 (add_custom_target):
[2.346s]   add_custom_target cannot create target
[2.346s]   "ament_cmake_python_build_turtle_control_pkg_egg" because another target
[2.346s]   with the same name already exists.  The existing target is a custom target
[2.346s]   created in source directory
[2.346s]   "/home/omar-magdy/Autonomous_repo/src/turtle_control_pkg".  See
[2.346s]   documentation for policy CMP0002 for more details.
[2.346s] Call Stack (most recent call first):
[2.346s]   /opt/ros/jazzy/share/ament_cmake_python/cmake/ament_python_install_package.cmake:39 (_ament_cmake_python_install_package)
[2.346s]   /opt/ros/jazzy/share/rosidl_generator_py/cmake/rosidl_generator_py_generate_interfaces.cmake:123 (ament_python_install_package)
[2.346s]   /opt/ros/jazzy/share/ament_cmake_core/cmake/core/ament_execute_extensions.cmake:48 (include)
[2.346s]   /opt/ros/jazzy/share/rosidl_cmake/cmake/rosidl_generate_interfaces.cmake:280 (ament_execute_extensions)
[2.346s]   CMakeLists.txt:30 (rosidl_generate_interfaces)
[2.346s] 
[2.346s] [0m
[2.350s] -- Found ament_lint_auto: 0.17.3 (/opt/ros/jazzy/share/ament_lint_auto/cmake)
[2.369s] -- Added test 'flake8' to check Python code syntax and style conventions
[2.369s] -- Configured 'flake8' exclude dirs and/or files: 
[2.369s] -- Added test 'lint_cmake' to check CMake code style
[2.370s] -- Added test 'pep257' to check Python code against some of the docstring style conventions in PEP 257
[2.371s] -- Added test 'xmllint' to check XML markup files
[2.372s] -- Configuring incomplete, errors occurred!
[2.380s] Invoked command in '/home/omar-magdy/Autonomous_repo/build/turtle_control_pkg' returned '1': CMAKE_PREFIX_PATH=${CMAKE_PREFIX_PATH}:/opt/ros/jazzy DEBUGINFOD_URLS=https://debuginfod.ubuntu.com /usr/bin/cmake /home/omar-magdy/Autonomous_repo/src/turtle_control_pkg -DCMAKE_INSTALL_PREFIX=/home/omar-magdy/Autonomous_repo/install/turtle_control_pkg
