[0.007s] Invoking command in '/home/omar-magdy/Autonomous_repo/build/turtle_control_pkg': CMAKE_PREFIX_PATH=${CMAKE_PREFIX_PATH}:/opt/ros/jazzy DEBUGINFOD_URLS=https://debuginfod.ubuntu.com /usr/bin/cmake /home/omar-magdy/Autonomous_repo/src/turtle_control_pkg -DCMAKE_INSTALL_PREFIX=/home/omar-magdy/Autonomous_repo/install/turtle_control_pkg
[0.017s] -- Found ament_cmake: 2.5.4 (/opt/ros/jazzy/share/ament_cmake/cmake)
[0.089s] -- Found geometry_msgs: 5.3.6 (/opt/ros/jazzy/share/geometry_msgs/cmake)
[0.107s] -- Found rosidl_generator_c: 4.6.6 (/opt/ros/jazzy/share/rosidl_generator_c/cmake)
[0.113s] -- Found rosidl_generator_cpp: 4.6.6 (/opt/ros/jazzy/share/rosidl_generator_cpp/cmake)
[0.121s] -- Using all available rosidl_typesupport_c: rosidl_typesupport_fastrtps_c;rosidl_typesupport_introspection_c
[0.129s] -- Using all available rosidl_typesupport_cpp: rosidl_typesupport_fastrtps_cpp;rosidl_typesupport_introspection_cpp
[0.156s] -- Found rosidl_default_generators: 1.6.0 (/opt/ros/jazzy/share/rosidl_default_generators/cmake)
[0.161s] -- Found rosidl_adapter: 4.6.6 (/opt/ros/jazzy/share/rosidl_adapter/cmake)
[0.434s] -- Found ament_cmake_ros: 0.12.0 (/opt/ros/jazzy/share/ament_cmake_ros/cmake)
[0.639s] -- Using all available rosidl_typesupport_c: rosidl_typesupport_fastrtps_c;rosidl_typesupport_introspection_c
[0.718s] -- Using all available rosidl_typesupport_cpp: rosidl_typesupport_fastrtps_cpp;rosidl_typesupport_introspection_cpp
[0.719s] -- Found python_cmake_module: 0.11.1 (/opt/ros/jazzy/share/python_cmake_module/cmake)
[0.900s] -- Found Python3: /usr/bin/python3 (found version "3.12.3") found components: Interpreter Development NumPy Development.Module Development.Embed 
[0.921s] [31mCMake Error at /opt/ros/jazzy/share/ament_cmake_python/cmake/ament_python_install_package.cmake:122 (add_custom_target):
[0.921s]   add_custom_target cannot create target
[0.921s]   "ament_cmake_python_copy_turtle_control_pkg" because another target with
[0.921s]   the same name already exists.  The existing target is a custom target
[0.921s]   created in source directory
[0.921s]   "/home/omar-magdy/Autonomous_repo/src/turtle_control_pkg".  See
[0.921s]   documentation for policy CMP0002 for more details.
[0.921s] Call Stack (most recent call first):
[0.922s]   /opt/ros/jazzy/share/ament_cmake_python/cmake/ament_python_install_package.cmake:39 (_ament_cmake_python_install_package)
[0.922s]   /opt/ros/jazzy/share/rosidl_generator_py/cmake/rosidl_generator_py_generate_interfaces.cmake:123 (ament_python_install_package)
[0.922s]   /opt/ros/jazzy/share/ament_cmake_core/cmake/core/ament_execute_extensions.cmake:48 (include)
[0.922s]   /opt/ros/jazzy/share/rosidl_cmake/cmake/rosidl_generate_interfaces.cmake:280 (ament_execute_extensions)
[0.922s]   CMakeLists.txt:30 (rosidl_generate_interfaces)
[0.922s] 
[0.922s] [0m
[0.922s] [31mCMake Error at /opt/ros/jazzy/share/ament_cmake_python/cmake/ament_python_install_package.cmake:144 (add_custom_target):
[0.922s]   add_custom_target cannot create target
[0.922s]   "ament_cmake_python_build_turtle_control_pkg_egg" because another target
[0.922s]   with the same name already exists.  The existing target is a custom target
[0.922s]   created in source directory
[0.922s]   "/home/omar-magdy/Autonomous_repo/src/turtle_control_pkg".  See
[0.922s]   documentation for policy CMP0002 for more details.
[0.922s] Call Stack (most recent call first):
[0.922s]   /opt/ros/jazzy/share/ament_cmake_python/cmake/ament_python_install_package.cmake:39 (_ament_cmake_python_install_package)
[0.922s]   /opt/ros/jazzy/share/rosidl_generator_py/cmake/rosidl_generator_py_generate_interfaces.cmake:123 (ament_python_install_package)
[0.922s]   /opt/ros/jazzy/share/ament_cmake_core/cmake/core/ament_execute_extensions.cmake:48 (include)
[0.922s]   /opt/ros/jazzy/share/rosidl_cmake/cmake/rosidl_generate_interfaces.cmake:280 (ament_execute_extensions)
[0.922s]   CMakeLists.txt:30 (rosidl_generate_interfaces)
[0.922s] 
[0.922s] [0m
[0.925s] -- Found ament_lint_auto: 0.17.3 (/opt/ros/jazzy/share/ament_lint_auto/cmake)
[0.930s] -- Added test 'flake8' to check Python code syntax and style conventions
[0.930s] -- Configured 'flake8' exclude dirs and/or files: 
[0.930s] -- Added test 'lint_cmake' to check CMake code style
[0.931s] -- Added test 'pep257' to check Python code against some of the docstring style conventions in PEP 257
[0.931s] -- Added test 'xmllint' to check XML markup files
[0.932s] -- Configuring incomplete, errors occurred!
[0.938s] Invoked command in '/home/omar-magdy/Autonomous_repo/build/turtle_control_pkg' returned '1': CMAKE_PREFIX_PATH=${CMAKE_PREFIX_PATH}:/opt/ros/jazzy DEBUGINFOD_URLS=https://debuginfod.ubuntu.com /usr/bin/cmake /home/omar-magdy/Autonomous_repo/src/turtle_control_pkg -DCMAKE_INSTALL_PREFIX=/home/omar-magdy/Autonomous_repo/install/turtle_control_pkg
