[0.070s] DEBUG:colcon:Command line arguments: ['/usr/bin/colcon', 'build']
[0.070s] DEBUG:colcon:Parsed command line arguments: Namespace(log_base=None, log_level=None, verb_name='build', build_base='build', install_base='install', merge_install=False, symlink_install=False, test_result_base=None, continue_on_error=False, executor='parallel', parallel_workers=12, event_handlers=None, ignore_user_meta=False, metas=['./colcon.meta'], base_paths=['.'], packages_ignore=None, packages_ignore_regex=None, paths=None, packages_up_to=None, packages_up_to_regex=None, packages_above=None, packages_above_and_dependencies=None, packages_above_depth=None, packages_select_by_dep=None, packages_skip_by_dep=None, packages_skip_up_to=None, packages_select_build_failed=False, packages_skip_build_finished=False, packages_select_test_failures=False, packages_skip_test_passed=False, packages_select=None, packages_skip=None, packages_select_regex=None, packages_skip_regex=None, packages_start=None, packages_end=None, allow_overriding=[], cmake_args=None, cmake_target=None, cmake_target_skip_unavailable=False, cmake_clean_cache=False, cmake_clean_first=False, cmake_force_configure=False, ament_cmake_args=None, catkin_cmake_args=None, catkin_skip_building_tests=False, mixin_files=None, mixin=None, verb_parser=<colcon_mixin.mixin.mixin_argument.MixinArgumentDecorator object at 0x7b72d93ac8f0>, verb_extension=<colcon_core.verb.build.BuildVerb object at 0x7b72d94ccfe0>, main=<bound method BuildVerb.main of <colcon_core.verb.build.BuildVerb object at 0x7b72d94ccfe0>>, mixin_verb=('build',))
[0.095s] Level 1:colcon.colcon_core.package_discovery:discover_packages(colcon_meta) check parameters
[0.095s] Level 1:colcon.colcon_core.package_discovery:discover_packages(recursive) check parameters
[0.095s] Level 1:colcon.colcon_core.package_discovery:discover_packages(ignore) check parameters
[0.095s] Level 1:colcon.colcon_core.package_discovery:discover_packages(path) check parameters
[0.095s] Level 1:colcon.colcon_core.package_discovery:discover_packages(colcon_meta) discover
[0.095s] Level 1:colcon.colcon_core.package_discovery:discover_packages(recursive) discover
[0.095s] INFO:colcon.colcon_core.package_discovery:Crawling recursively for packages in '/home/omar-magdy/Autonomous_repo'
[0.095s] Level 1:colcon.colcon_core.package_identification:_identify(.) by extensions ['ignore', 'ignore_ament_install']
[0.095s] Level 1:colcon.colcon_core.package_identification:_identify(.) by extension 'ignore'
[0.095s] Level 1:colcon.colcon_core.package_identification:_identify(.) by extension 'ignore_ament_install'
[0.095s] Level 1:colcon.colcon_core.package_identification:_identify(.) by extensions ['colcon_pkg']
[0.095s] Level 1:colcon.colcon_core.package_identification:_identify(.) by extension 'colcon_pkg'
[0.095s] Level 1:colcon.colcon_core.package_identification:_identify(.) by extensions ['colcon_meta']
[0.095s] Level 1:colcon.colcon_core.package_identification:_identify(.) by extension 'colcon_meta'
[0.096s] Level 1:colcon.colcon_core.package_identification:_identify(.) by extensions ['ros']
[0.096s] Level 1:colcon.colcon_core.package_identification:_identify(.) by extension 'ros'
[0.113s] Level 1:colcon.colcon_core.package_identification:_identify(.) by extensions ['cmake', 'python']
[0.113s] Level 1:colcon.colcon_core.package_identification:_identify(.) by extension 'cmake'
[0.113s] Level 1:colcon.colcon_core.package_identification:_identify(.) by extension 'python'
[0.113s] Level 1:colcon.colcon_core.package_identification:_identify(.) by extensions ['python_setup_py']
[0.113s] Level 1:colcon.colcon_core.package_identification:_identify(.) by extension 'python_setup_py'
[0.113s] Level 1:colcon.colcon_core.package_identification:_identify(build) by extensions ['ignore', 'ignore_ament_install']
[0.113s] Level 1:colcon.colcon_core.package_identification:_identify(build) by extension 'ignore'
[0.113s] Level 1:colcon.colcon_core.package_identification:_identify(build) ignored
[0.113s] Level 1:colcon.colcon_core.package_identification:_identify(install) by extensions ['ignore', 'ignore_ament_install']
[0.113s] Level 1:colcon.colcon_core.package_identification:_identify(install) by extension 'ignore'
[0.113s] Level 1:colcon.colcon_core.package_identification:_identify(install) ignored
[0.113s] Level 1:colcon.colcon_core.package_identification:_identify(log) by extensions ['ignore', 'ignore_ament_install']
[0.113s] Level 1:colcon.colcon_core.package_identification:_identify(log) by extension 'ignore'
[0.113s] Level 1:colcon.colcon_core.package_identification:_identify(log) ignored
[0.113s] Level 1:colcon.colcon_core.package_identification:_identify(src) by extensions ['ignore', 'ignore_ament_install']
[0.113s] Level 1:colcon.colcon_core.package_identification:_identify(src) by extension 'ignore'
[0.113s] Level 1:colcon.colcon_core.package_identification:_identify(src) by extension 'ignore_ament_install'
[0.113s] Level 1:colcon.colcon_core.package_identification:_identify(src) by extensions ['colcon_pkg']
[0.113s] Level 1:colcon.colcon_core.package_identification:_identify(src) by extension 'colcon_pkg'
[0.113s] Level 1:colcon.colcon_core.package_identification:_identify(src) by extensions ['colcon_meta']
[0.114s] Level 1:colcon.colcon_core.package_identification:_identify(src) by extension 'colcon_meta'
[0.114s] Level 1:colcon.colcon_core.package_identification:_identify(src) by extensions ['ros']
[0.114s] Level 1:colcon.colcon_core.package_identification:_identify(src) by extension 'ros'
[0.114s] Level 1:colcon.colcon_core.package_identification:_identify(src) by extensions ['cmake', 'python']
[0.114s] Level 1:colcon.colcon_core.package_identification:_identify(src) by extension 'cmake'
[0.114s] Level 1:colcon.colcon_core.package_identification:_identify(src) by extension 'python'
[0.114s] Level 1:colcon.colcon_core.package_identification:_identify(src) by extensions ['python_setup_py']
[0.114s] Level 1:colcon.colcon_core.package_identification:_identify(src) by extension 'python_setup_py'
[0.114s] Level 1:colcon.colcon_core.package_identification:_identify(src/turtle_control_pkg) by extensions ['ignore', 'ignore_ament_install']
[0.114s] Level 1:colcon.colcon_core.package_identification:_identify(src/turtle_control_pkg) by extension 'ignore'
[0.114s] Level 1:colcon.colcon_core.package_identification:_identify(src/turtle_control_pkg) by extension 'ignore_ament_install'
[0.114s] Level 1:colcon.colcon_core.package_identification:_identify(src/turtle_control_pkg) by extensions ['colcon_pkg']
[0.114s] Level 1:colcon.colcon_core.package_identification:_identify(src/turtle_control_pkg) by extension 'colcon_pkg'
[0.114s] Level 1:colcon.colcon_core.package_identification:_identify(src/turtle_control_pkg) by extensions ['colcon_meta']
[0.114s] Level 1:colcon.colcon_core.package_identification:_identify(src/turtle_control_pkg) by extension 'colcon_meta'
[0.114s] Level 1:colcon.colcon_core.package_identification:_identify(src/turtle_control_pkg) by extensions ['ros']
[0.114s] Level 1:colcon.colcon_core.package_identification:_identify(src/turtle_control_pkg) by extension 'ros'
[0.116s] DEBUG:colcon.colcon_core.package_identification:Package 'src/turtle_control_pkg' with type 'ros.ament_cmake' and name 'turtle_control_pkg'
[0.116s] Level 1:colcon.colcon_core.package_discovery:discover_packages(recursive) using defaults
[0.116s] Level 1:colcon.colcon_core.package_discovery:discover_packages(ignore) discover
[0.116s] Level 1:colcon.colcon_core.package_discovery:discover_packages(ignore) using defaults
[0.116s] Level 1:colcon.colcon_core.package_discovery:discover_packages(path) discover
[0.116s] Level 1:colcon.colcon_core.package_discovery:discover_packages(path) using defaults
[0.127s] Level 1:colcon.colcon_core.package_discovery:discover_packages(prefix_path) check parameters
[0.127s] Level 1:colcon.colcon_core.package_discovery:discover_packages(prefix_path) discover
[0.128s] DEBUG:colcon.colcon_installed_package_information.package_discovery:Found 1 installed packages in /home/omar-magdy/Autonomous_repo/install
[0.130s] DEBUG:colcon.colcon_installed_package_information.package_discovery:Found 413 installed packages in /opt/ros/jazzy
[0.131s] Level 1:colcon.colcon_core.package_discovery:discover_packages(prefix_path) using defaults
[0.165s] Level 5:colcon.colcon_core.verb:set package 'turtle_control_pkg' build argument 'cmake_args' from command line to 'None'
[0.165s] Level 5:colcon.colcon_core.verb:set package 'turtle_control_pkg' build argument 'cmake_target' from command line to 'None'
[0.165s] Level 5:colcon.colcon_core.verb:set package 'turtle_control_pkg' build argument 'cmake_target_skip_unavailable' from command line to 'False'
[0.165s] Level 5:colcon.colcon_core.verb:set package 'turtle_control_pkg' build argument 'cmake_clean_cache' from command line to 'False'
[0.165s] Level 5:colcon.colcon_core.verb:set package 'turtle_control_pkg' build argument 'cmake_clean_first' from command line to 'False'
[0.165s] Level 5:colcon.colcon_core.verb:set package 'turtle_control_pkg' build argument 'cmake_force_configure' from command line to 'False'
[0.165s] Level 5:colcon.colcon_core.verb:set package 'turtle_control_pkg' build argument 'ament_cmake_args' from command line to 'None'
[0.165s] Level 5:colcon.colcon_core.verb:set package 'turtle_control_pkg' build argument 'catkin_cmake_args' from command line to 'None'
[0.165s] Level 5:colcon.colcon_core.verb:set package 'turtle_control_pkg' build argument 'catkin_skip_building_tests' from command line to 'False'
[0.165s] DEBUG:colcon.colcon_core.verb:Building package 'turtle_control_pkg' with the following arguments: {'ament_cmake_args': None, 'build_base': '/home/omar-magdy/Autonomous_repo/build/turtle_control_pkg', 'catkin_cmake_args': None, 'catkin_skip_building_tests': False, 'cmake_args': None, 'cmake_clean_cache': False, 'cmake_clean_first': False, 'cmake_force_configure': False, 'cmake_target': None, 'cmake_target_skip_unavailable': False, 'install_base': '/home/omar-magdy/Autonomous_repo/install/turtle_control_pkg', 'merge_install': False, 'path': '/home/omar-magdy/Autonomous_repo/src/turtle_control_pkg', 'symlink_install': False, 'test_result_base': None}
[0.165s] INFO:colcon.colcon_core.executor:Executing jobs using 'parallel' executor
[0.166s] DEBUG:colcon.colcon_parallel_executor.executor.parallel:run_until_complete
[0.166s] INFO:colcon.colcon_ros.task.ament_cmake.build:Building ROS package in '/home/omar-magdy/Autonomous_repo/src/turtle_control_pkg' with build type 'ament_cmake'
[0.166s] INFO:colcon.colcon_cmake.task.cmake.build:Building CMake package in '/home/omar-magdy/Autonomous_repo/src/turtle_control_pkg'
[0.167s] INFO:colcon.colcon_core.plugin_system:Skipping extension 'colcon_core.shell.bat': Not used on non-Windows systems
[0.168s] INFO:colcon.colcon_core.shell:Skip shell extension 'powershell' for command environment: Not usable outside of PowerShell
[0.168s] DEBUG:colcon.colcon_core.shell:Skip shell extension 'dsv' for command environment
[0.175s] DEBUG:colcon.colcon_core.event_handler.log_command:Invoking command in '/home/omar-magdy/Autonomous_repo/build/turtle_control_pkg': CMAKE_PREFIX_PATH=${CMAKE_PREFIX_PATH}:/opt/ros/jazzy DEBUGINFOD_URLS=https://debuginfod.ubuntu.com /usr/bin/cmake --build /home/omar-magdy/Autonomous_repo/build/turtle_control_pkg -- -j12 -l12
[1.393s] DEBUG:colcon.colcon_core.event_handler.log_command:Invoked command in '/home/omar-magdy/Autonomous_repo/build/turtle_control_pkg' returned '0': CMAKE_PREFIX_PATH=${CMAKE_PREFIX_PATH}:/opt/ros/jazzy DEBUGINFOD_URLS=https://debuginfod.ubuntu.com /usr/bin/cmake --build /home/omar-magdy/Autonomous_repo/build/turtle_control_pkg -- -j12 -l12
[1.400s] DEBUG:colcon.colcon_core.event_handler.log_command:Invoking command in '/home/omar-magdy/Autonomous_repo/build/turtle_control_pkg': CMAKE_PREFIX_PATH=${CMAKE_PREFIX_PATH}:/opt/ros/jazzy DEBUGINFOD_URLS=https://debuginfod.ubuntu.com /usr/bin/cmake --install /home/omar-magdy/Autonomous_repo/build/turtle_control_pkg
[1.443s] Level 1:colcon.colcon_core.environment:create_environment_scripts_only(turtle_control_pkg)
[1.443s] DEBUG:colcon.colcon_core.event_handler.log_command:Invoked command in '/home/omar-magdy/Autonomous_repo/build/turtle_control_pkg' returned '0': CMAKE_PREFIX_PATH=${CMAKE_PREFIX_PATH}:/opt/ros/jazzy DEBUGINFOD_URLS=https://debuginfod.ubuntu.com /usr/bin/cmake --install /home/omar-magdy/Autonomous_repo/build/turtle_control_pkg
[1.444s] Level 1:colcon.colcon_core.environment:checking '/home/omar-magdy/Autonomous_repo/install/turtle_control_pkg' for CMake module files
[1.445s] Level 1:colcon.colcon_core.environment:checking '/home/omar-magdy/Autonomous_repo/install/turtle_control_pkg' for CMake config files
[1.445s] Level 1:colcon.colcon_core.shell:create_environment_hook('turtle_control_pkg', 'cmake_prefix_path')
[1.445s] INFO:colcon.colcon_core.shell:Creating environment hook '/home/omar-magdy/Autonomous_repo/install/turtle_control_pkg/share/turtle_control_pkg/hook/cmake_prefix_path.ps1'
[1.445s] INFO:colcon.colcon_core.shell:Creating environment descriptor '/home/omar-magdy/Autonomous_repo/install/turtle_control_pkg/share/turtle_control_pkg/hook/cmake_prefix_path.dsv'
[1.446s] INFO:colcon.colcon_core.shell:Creating environment hook '/home/omar-magdy/Autonomous_repo/install/turtle_control_pkg/share/turtle_control_pkg/hook/cmake_prefix_path.sh'
[1.446s] Level 1:colcon.colcon_core.environment:checking '/home/omar-magdy/Autonomous_repo/install/turtle_control_pkg/lib'
[1.446s] Level 1:colcon.colcon_core.shell:create_environment_hook('turtle_control_pkg', 'ld_library_path_lib')
[1.446s] INFO:colcon.colcon_core.shell:Creating environment hook '/home/omar-magdy/Autonomous_repo/install/turtle_control_pkg/share/turtle_control_pkg/hook/ld_library_path_lib.ps1'
[1.447s] INFO:colcon.colcon_core.shell:Creating environment descriptor '/home/omar-magdy/Autonomous_repo/install/turtle_control_pkg/share/turtle_control_pkg/hook/ld_library_path_lib.dsv'
[1.447s] INFO:colcon.colcon_core.shell:Creating environment hook '/home/omar-magdy/Autonomous_repo/install/turtle_control_pkg/share/turtle_control_pkg/hook/ld_library_path_lib.sh'
[1.447s] Level 1:colcon.colcon_core.environment:checking '/home/omar-magdy/Autonomous_repo/install/turtle_control_pkg/bin'
[1.447s] Level 1:colcon.colcon_core.environment:checking '/home/omar-magdy/Autonomous_repo/install/turtle_control_pkg/lib/pkgconfig/turtle_control_pkg.pc'
[1.447s] Level 1:colcon.colcon_core.environment:checking '/home/omar-magdy/Autonomous_repo/install/turtle_control_pkg/lib/python3.12/site-packages'
[1.447s] Level 1:colcon.colcon_core.shell:create_environment_hook('turtle_control_pkg', 'pythonpath')
[1.448s] INFO:colcon.colcon_core.shell:Creating environment hook '/home/omar-magdy/Autonomous_repo/install/turtle_control_pkg/share/turtle_control_pkg/hook/pythonpath.ps1'
[1.448s] INFO:colcon.colcon_core.shell:Creating environment descriptor '/home/omar-magdy/Autonomous_repo/install/turtle_control_pkg/share/turtle_control_pkg/hook/pythonpath.dsv'
[1.448s] INFO:colcon.colcon_core.shell:Creating environment hook '/home/omar-magdy/Autonomous_repo/install/turtle_control_pkg/share/turtle_control_pkg/hook/pythonpath.sh'
[1.448s] Level 1:colcon.colcon_core.environment:checking '/home/omar-magdy/Autonomous_repo/install/turtle_control_pkg/bin'
[1.448s] INFO:colcon.colcon_core.shell:Creating package script '/home/omar-magdy/Autonomous_repo/install/turtle_control_pkg/share/turtle_control_pkg/package.ps1'
[1.449s] INFO:colcon.colcon_core.shell:Creating package descriptor '/home/omar-magdy/Autonomous_repo/install/turtle_control_pkg/share/turtle_control_pkg/package.dsv'
[1.449s] INFO:colcon.colcon_core.shell:Creating package script '/home/omar-magdy/Autonomous_repo/install/turtle_control_pkg/share/turtle_control_pkg/package.sh'
[1.450s] INFO:colcon.colcon_core.shell:Creating package script '/home/omar-magdy/Autonomous_repo/install/turtle_control_pkg/share/turtle_control_pkg/package.bash'
[1.450s] INFO:colcon.colcon_core.shell:Creating package script '/home/omar-magdy/Autonomous_repo/install/turtle_control_pkg/share/turtle_control_pkg/package.zsh'
[1.450s] Level 1:colcon.colcon_core.environment:create_file_with_runtime_dependencies(/home/omar-magdy/Autonomous_repo/install/turtle_control_pkg/share/colcon-core/packages/turtle_control_pkg)
[1.451s] Level 1:colcon.colcon_core.environment:create_environment_scripts_only(turtle_control_pkg)
[1.451s] Level 1:colcon.colcon_core.environment:checking '/home/omar-magdy/Autonomous_repo/install/turtle_control_pkg' for CMake module files
[1.451s] Level 1:colcon.colcon_core.environment:checking '/home/omar-magdy/Autonomous_repo/install/turtle_control_pkg' for CMake config files
[1.451s] Level 1:colcon.colcon_core.shell:create_environment_hook('turtle_control_pkg', 'cmake_prefix_path')
[1.451s] INFO:colcon.colcon_core.shell:Creating environment hook '/home/omar-magdy/Autonomous_repo/install/turtle_control_pkg/share/turtle_control_pkg/hook/cmake_prefix_path.ps1'
[1.452s] INFO:colcon.colcon_core.shell:Creating environment descriptor '/home/omar-magdy/Autonomous_repo/install/turtle_control_pkg/share/turtle_control_pkg/hook/cmake_prefix_path.dsv'
[1.452s] INFO:colcon.colcon_core.shell:Creating environment hook '/home/omar-magdy/Autonomous_repo/install/turtle_control_pkg/share/turtle_control_pkg/hook/cmake_prefix_path.sh'
[1.452s] Level 1:colcon.colcon_core.environment:checking '/home/omar-magdy/Autonomous_repo/install/turtle_control_pkg/lib'
[1.452s] Level 1:colcon.colcon_core.shell:create_environment_hook('turtle_control_pkg', 'ld_library_path_lib')
[1.452s] INFO:colcon.colcon_core.shell:Creating environment hook '/home/omar-magdy/Autonomous_repo/install/turtle_control_pkg/share/turtle_control_pkg/hook/ld_library_path_lib.ps1'
[1.453s] INFO:colcon.colcon_core.shell:Creating environment descriptor '/home/omar-magdy/Autonomous_repo/install/turtle_control_pkg/share/turtle_control_pkg/hook/ld_library_path_lib.dsv'
[1.453s] INFO:colcon.colcon_core.shell:Creating environment hook '/home/omar-magdy/Autonomous_repo/install/turtle_control_pkg/share/turtle_control_pkg/hook/ld_library_path_lib.sh'
[1.453s] Level 1:colcon.colcon_core.environment:checking '/home/omar-magdy/Autonomous_repo/install/turtle_control_pkg/bin'
[1.453s] Level 1:colcon.colcon_core.environment:checking '/home/omar-magdy/Autonomous_repo/install/turtle_control_pkg/lib/pkgconfig/turtle_control_pkg.pc'
[1.453s] Level 1:colcon.colcon_core.environment:checking '/home/omar-magdy/Autonomous_repo/install/turtle_control_pkg/lib/python3.12/site-packages'
[1.453s] Level 1:colcon.colcon_core.shell:create_environment_hook('turtle_control_pkg', 'pythonpath')
[1.453s] INFO:colcon.colcon_core.shell:Creating environment hook '/home/omar-magdy/Autonomous_repo/install/turtle_control_pkg/share/turtle_control_pkg/hook/pythonpath.ps1'
[1.454s] INFO:colcon.colcon_core.shell:Creating environment descriptor '/home/omar-magdy/Autonomous_repo/install/turtle_control_pkg/share/turtle_control_pkg/hook/pythonpath.dsv'
[1.454s] INFO:colcon.colcon_core.shell:Creating environment hook '/home/omar-magdy/Autonomous_repo/install/turtle_control_pkg/share/turtle_control_pkg/hook/pythonpath.sh'
[1.454s] Level 1:colcon.colcon_core.environment:checking '/home/omar-magdy/Autonomous_repo/install/turtle_control_pkg/bin'
[1.454s] INFO:colcon.colcon_core.shell:Creating package script '/home/omar-magdy/Autonomous_repo/install/turtle_control_pkg/share/turtle_control_pkg/package.ps1'
[1.455s] INFO:colcon.colcon_core.shell:Creating package descriptor '/home/omar-magdy/Autonomous_repo/install/turtle_control_pkg/share/turtle_control_pkg/package.dsv'
[1.455s] INFO:colcon.colcon_core.shell:Creating package script '/home/omar-magdy/Autonomous_repo/install/turtle_control_pkg/share/turtle_control_pkg/package.sh'
[1.455s] INFO:colcon.colcon_core.shell:Creating package script '/home/omar-magdy/Autonomous_repo/install/turtle_control_pkg/share/turtle_control_pkg/package.bash'
[1.455s] INFO:colcon.colcon_core.shell:Creating package script '/home/omar-magdy/Autonomous_repo/install/turtle_control_pkg/share/turtle_control_pkg/package.zsh'
[1.456s] Level 1:colcon.colcon_core.environment:create_file_with_runtime_dependencies(/home/omar-magdy/Autonomous_repo/install/turtle_control_pkg/share/colcon-core/packages/turtle_control_pkg)
[1.456s] DEBUG:colcon.colcon_parallel_executor.executor.parallel:closing loop
[1.456s] DEBUG:colcon.colcon_parallel_executor.executor.parallel:loop closed
[1.456s] DEBUG:colcon.colcon_parallel_executor.executor.parallel:run_until_complete finished with '0'
[1.456s] DEBUG:colcon.colcon_core.event_reactor:joining thread
[1.460s] INFO:colcon.colcon_core.plugin_system:Skipping extension 'colcon_notification.desktop_notification.terminal_notifier': Not used on non-Darwin systems
[1.460s] INFO:colcon.colcon_core.plugin_system:Skipping extension 'colcon_notification.desktop_notification.win32': Not used on non-Windows systems
[1.460s] INFO:colcon.colcon_notification.desktop_notification:Sending desktop notification using 'notify2'
[1.469s] DEBUG:colcon.colcon_core.event_reactor:joined thread
[1.470s] INFO:colcon.colcon_core.shell:Creating prefix script '/home/omar-magdy/Autonomous_repo/install/local_setup.ps1'
[1.470s] INFO:colcon.colcon_core.shell:Creating prefix util module '/home/omar-magdy/Autonomous_repo/install/_local_setup_util_ps1.py'
[1.471s] INFO:colcon.colcon_core.shell:Creating prefix chain script '/home/omar-magdy/Autonomous_repo/install/setup.ps1'
[1.472s] INFO:colcon.colcon_core.shell:Creating prefix script '/home/omar-magdy/Autonomous_repo/install/local_setup.sh'
[1.472s] INFO:colcon.colcon_core.shell:Creating prefix util module '/home/omar-magdy/Autonomous_repo/install/_local_setup_util_sh.py'
[1.472s] INFO:colcon.colcon_core.shell:Creating prefix chain script '/home/omar-magdy/Autonomous_repo/install/setup.sh'
[1.473s] INFO:colcon.colcon_core.shell:Creating prefix script '/home/omar-magdy/Autonomous_repo/install/local_setup.bash'
[1.473s] INFO:colcon.colcon_core.shell:Creating prefix chain script '/home/omar-magdy/Autonomous_repo/install/setup.bash'
[1.474s] INFO:colcon.colcon_core.shell:Creating prefix script '/home/omar-magdy/Autonomous_repo/install/local_setup.zsh'
[1.474s] INFO:colcon.colcon_core.shell:Creating prefix chain script '/home/omar-magdy/Autonomous_repo/install/setup.zsh'
