running egg_info
writing ../../build/turtle_control_pkg/turtle_control_pkg.egg-info/PKG-INFO
writing dependency_links to ../../build/turtle_control_pkg/turtle_control_pkg.egg-info/dependency_links.txt
writing entry points to ../../build/turtle_control_pkg/turtle_control_pkg.egg-info/entry_points.txt
writing requirements to ../../build/turtle_control_pkg/turtle_control_pkg.egg-info/requires.txt
writing top-level names to ../../build/turtle_control_pkg/turtle_control_pkg.egg-info/top_level.txt
reading manifest file '../../build/turtle_control_pkg/turtle_control_pkg.egg-info/SOURCES.txt'
adding license file 'LICENSE'
writing manifest file '../../build/turtle_control_pkg/turtle_control_pkg.egg-info/SOURCES.txt'
running build
running build_py
copying turtle_control_pkg/turtle_control.py -> /home/omar-magdy/Autonomous_repo/build/turtle_control_pkg/build/lib/turtle_control_pkg
running install
running install_lib
copying /home/omar-magdy/Autonomous_repo/build/turtle_control_pkg/build/lib/turtle_control_pkg/turtle_control.py -> /home/omar-magdy/Autonomous_repo/install/turtle_control_pkg/lib/python3.12/site-packages/turtle_control_pkg
byte-compiling /home/omar-magdy/Autonomous_repo/install/turtle_control_pkg/lib/python3.12/site-packages/turtle_control_pkg/turtle_control.py to turtle_control.cpython-312.pyc
running install_data
running install_egg_info
removing '/home/omar-magdy/Autonomous_repo/install/turtle_control_pkg/lib/python3.12/site-packages/turtle_control_pkg-0.0.0-py3.12.egg-info' (and everything under it)
Copying ../../build/turtle_control_pkg/turtle_control_pkg.egg-info to /home/omar-magdy/Autonomous_repo/install/turtle_control_pkg/lib/python3.12/site-packages/turtle_control_pkg-0.0.0-py3.12.egg-info
running install_scripts
Installing turtle_control script to /home/omar-magdy/Autonomous_repo/install/turtle_control_pkg/lib/turtle_control_pkg
writing list of installed files to '/home/omar-magdy/Autonomous_repo/build/turtle_control_pkg/install.log'
