[0.554s] Invoking command in '/home/omar-magdy/Autonomous_repo/src/turtle_control_pkg': DEBUGINFOD_URLS=https://debuginfod.ubuntu.com PYTHONPATH=/home/omar-magdy/Autonomous_repo/build/turtle_control_pkg/prefix_override:/usr/lib/python3/dist-packages/colcon_core/task/python/colcon_distutils_commands:/home/omar-magdy/Autonomous_repo/install/turtle_control_pkg/lib/python3.12/site-packages:${PYTHONPATH} /usr/bin/python3 -W ignore:setup.py install is deprecated -W ignore:easy_install command is deprecated setup.py egg_info --egg-base ../../build/turtle_control_pkg build --build-base /home/omar-magdy/Autonomous_repo/build/turtle_control_pkg/build install --record /home/omar-magdy/Autonomous_repo/build/turtle_control_pkg/install.log --single-version-externally-managed install_data
[0.737s] running egg_info
[0.750s] writing ../../build/turtle_control_pkg/turtle_control_pkg.egg-info/PKG-INFO
[0.750s] writing dependency_links to ../../build/turtle_control_pkg/turtle_control_pkg.egg-info/dependency_links.txt
[0.751s] writing entry points to ../../build/turtle_control_pkg/turtle_control_pkg.egg-info/entry_points.txt
[0.751s] writing requirements to ../../build/turtle_control_pkg/turtle_control_pkg.egg-info/requires.txt
[0.751s] writing top-level names to ../../build/turtle_control_pkg/turtle_control_pkg.egg-info/top_level.txt
[0.778s] reading manifest file '../../build/turtle_control_pkg/turtle_control_pkg.egg-info/SOURCES.txt'
[0.778s] adding license file 'LICENSE'
[0.778s] writing manifest file '../../build/turtle_control_pkg/turtle_control_pkg.egg-info/SOURCES.txt'
[0.778s] running build
[0.778s] running build_py
[0.778s] copying turtle_control_pkg/turtle_control.py -> /home/omar-magdy/Autonomous_repo/build/turtle_control_pkg/build/lib/turtle_control_pkg
[0.779s] running install
[0.783s] running install_lib
[0.797s] copying /home/omar-magdy/Autonomous_repo/build/turtle_control_pkg/build/lib/turtle_control_pkg/turtle_control.py -> /home/omar-magdy/Autonomous_repo/install/turtle_control_pkg/lib/python3.12/site-packages/turtle_control_pkg
[0.797s] byte-compiling /home/omar-magdy/Autonomous_repo/install/turtle_control_pkg/lib/python3.12/site-packages/turtle_control_pkg/turtle_control.py to turtle_control.cpython-312.pyc
[0.797s] running install_data
[0.797s] running install_egg_info
[0.812s] removing '/home/omar-magdy/Autonomous_repo/install/turtle_control_pkg/lib/python3.12/site-packages/turtle_control_pkg-0.0.0-py3.12.egg-info' (and everything under it)
[0.812s] Copying ../../build/turtle_control_pkg/turtle_control_pkg.egg-info to /home/omar-magdy/Autonomous_repo/install/turtle_control_pkg/lib/python3.12/site-packages/turtle_control_pkg-0.0.0-py3.12.egg-info
[0.813s] running install_scripts
[0.904s] Installing turtle_control script to /home/omar-magdy/Autonomous_repo/install/turtle_control_pkg/lib/turtle_control_pkg
[0.904s] writing list of installed files to '/home/omar-magdy/Autonomous_repo/build/turtle_control_pkg/install.log'
[0.924s] Invoked command in '/home/omar-magdy/Autonomous_repo/src/turtle_control_pkg' returned '0': DEBUGINFOD_URLS=https://debuginfod.ubuntu.com PYTHONPATH=/home/omar-magdy/Autonomous_repo/build/turtle_control_pkg/prefix_override:/usr/lib/python3/dist-packages/colcon_core/task/python/colcon_distutils_commands:/home/omar-magdy/Autonomous_repo/install/turtle_control_pkg/lib/python3.12/site-packages:${PYTHONPATH} /usr/bin/python3 -W ignore:setup.py install is deprecated -W ignore:easy_install command is deprecated setup.py egg_info --egg-base ../../build/turtle_control_pkg build --build-base /home/omar-magdy/Autonomous_repo/build/turtle_control_pkg/build install --record /home/omar-magdy/Autonomous_repo/build/turtle_control_pkg/install.log --single-version-externally-managed install_data
