-- Found ament_cmake: 2.5.4 (/opt/ros/jazzy/share/ament_cmake/cmake)
-- Found Python3: /usr/bin/python3 (found version "3.12.3") found components: Interpreter 
-- Found geometry_msgs: 5.3.6 (/opt/ros/jazzy/share/geometry_msgs/cmake)
-- Found rosidl_generator_c: 4.6.6 (/opt/ros/jazzy/share/rosidl_generator_c/cmake)
-- Found rosidl_generator_cpp: 4.6.6 (/opt/ros/jazzy/share/rosidl_generator_cpp/cmake)
-- Using all available rosidl_typesupport_c: rosidl_typesupport_fastrtps_c;rosidl_typesupport_introspection_c
-- Using all available rosidl_typesupport_cpp: rosidl_typesupport_fastrtps_cpp;rosidl_typesupport_introspection_cpp
-- Found rosidl_default_generators: 1.6.0 (/opt/ros/jazzy/share/rosidl_default_generators/cmake)
-- Found rosidl_adapter: 4.6.6 (/opt/ros/jazzy/share/rosidl_adapter/cmake)
-- Found ament_cmake_ros: 0.12.0 (/opt/ros/jazzy/share/ament_cmake_ros/cmake)
-- Using all available rosidl_typesupport_c: rosidl_typesupport_fastrtps_c;rosidl_typesupport_introspection_c
-- Using all available rosidl_typesupport_cpp: rosidl_typesupport_fastrtps_cpp;rosidl_typesupport_introspection_cpp
-- Found python_cmake_module: 0.11.1 (/opt/ros/jazzy/share/python_cmake_module/cmake)
-- Found Python3: /usr/bin/python3 (found version "3.12.3") found components: Interpreter Development NumPy Development.Module Development.Embed 
-- Found ament_lint_auto: 0.17.3 (/opt/ros/jazzy/share/ament_lint_auto/cmake)
-- Added test 'flake8' to check Python code syntax and style conventions
-- Configured 'flake8' exclude dirs and/or files: 
-- Added test 'lint_cmake' to check CMake code style
-- Added test 'pep257' to check Python code against some of the docstring style conventions in PEP 257
-- Added test 'xmllint' to check XML markup files
-- Configuring done (0.9s)
-- Generating done (0.1s)
-- Build files have been written to: /home/omar-magdy/Autonomous_repo/build/turtle_control_pkg
[  1%] [34m[1mGenerating type hashes for ROS interfaces[0m
[  1%] Built target ament_cmake_python_copy_turtle_control_pkg
running egg_info
creating turtle_control_pkg.egg-info
writing turtle_control_pkg.egg-info/PKG-INFO
writing dependency_links to turtle_control_pkg.egg-info/dependency_links.txt
writing top-level names to turtle_control_pkg.egg-info/top_level.txt
writing manifest file 'turtle_control_pkg.egg-info/SOURCES.txt'
reading manifest file 'turtle_control_pkg.egg-info/SOURCES.txt'
writing manifest file 'turtle_control_pkg.egg-info/SOURCES.txt'
[  1%] Built target turtle_control_pkg__rosidl_generator_type_description
[  1%] Built target ament_cmake_python_build_turtle_control_pkg_egg
[  3%] [34m[1mGenerating C code for ROS interfaces[0m
[  5%] [34m[1mGenerating C++ code for ROS interfaces[0m
[ 16%] [32mBuilding C object CMakeFiles/turtle_control_pkg__rosidl_generator_c.dir/rosidl_generator_c/turtle_control_pkg/msg/detail/num__functions.c.o[0m
[ 14%] [32mBuilding C object CMakeFiles/turtle_control_pkg__rosidl_generator_c.dir/rosidl_generator_c/turtle_control_pkg/srv/detail/add_three_ints__functions.c.o[0m
[ 14%] [32mBuilding C object CMakeFiles/turtle_control_pkg__rosidl_generator_c.dir/rosidl_generator_c/turtle_control_pkg/msg/detail/sphere__description.c.o[0m
[ 20%] [32mBuilding C object CMakeFiles/turtle_control_pkg__rosidl_generator_c.dir/rosidl_generator_c/turtle_control_pkg/msg/detail/sphere__type_support.c.o[0m
[ 16%] [32mBuilding C object CMakeFiles/turtle_control_pkg__rosidl_generator_c.dir/rosidl_generator_c/turtle_control_pkg/msg/detail/sphere__functions.c.o[0m
[ 14%] [32mBuilding C object CMakeFiles/turtle_control_pkg__rosidl_generator_c.dir/rosidl_generator_c/turtle_control_pkg/msg/detail/num__type_support.c.o[0m
[ 20%] [32mBuilding C object CMakeFiles/turtle_control_pkg__rosidl_generator_c.dir/rosidl_generator_c/turtle_control_pkg/msg/detail/num__description.c.o[0m
[ 14%] [32mBuilding C object CMakeFiles/turtle_control_pkg__rosidl_generator_c.dir/rosidl_generator_c/turtle_control_pkg/srv/detail/add_three_ints__description.c.o[0m
[ 22%] [32mBuilding C object CMakeFiles/turtle_control_pkg__rosidl_generator_c.dir/rosidl_generator_c/turtle_control_pkg/srv/detail/add_three_ints__type_support.c.o[0m
[ 22%] Built target turtle_control_pkg__cpp
[ 24%] [32m[1mLinking C shared library libturtle_control_pkg__rosidl_generator_c.so[0m
[ 24%] Built target turtle_control_pkg__rosidl_generator_c
[ 35%] [34m[1mGenerating C++ type support for eProsima Fast-RTPS[0m
[ 35%] [34m[1mGenerating C introspection for ROS interfaces[0m
[ 35%] [34m[1mGenerating C type support for eProsima Fast-RTPS[0m
[ 35%] [34m[1mGenerating C type support dispatch for ROS interfaces[0m
[ 35%] [34m[1mGenerating C++ introspection for ROS interfaces[0m
[ 35%] [34m[1mGenerating C++ type support dispatch for ROS interfaces[0m
[ 38%] [32mBuilding CXX object CMakeFiles/turtle_control_pkg__rosidl_typesupport_cpp.dir/rosidl_typesupport_cpp/turtle_control_pkg/srv/add_three_ints__type_support.cpp.o[0m
[ 38%] [32mBuilding CXX object CMakeFiles/turtle_control_pkg__rosidl_typesupport_cpp.dir/rosidl_typesupport_cpp/turtle_control_pkg/msg/sphere__type_support.cpp.o[0m
[ 40%] [32mBuilding CXX object CMakeFiles/turtle_control_pkg__rosidl_typesupport_cpp.dir/rosidl_typesupport_cpp/turtle_control_pkg/msg/num__type_support.cpp.o[0m
[ 46%] [32mBuilding CXX object CMakeFiles/turtle_control_pkg__rosidl_typesupport_c.dir/rosidl_typesupport_c/turtle_control_pkg/srv/add_three_ints__type_support.cpp.o[0m
[ 46%] [32mBuilding CXX object CMakeFiles/turtle_control_pkg__rosidl_typesupport_c.dir/rosidl_typesupport_c/turtle_control_pkg/msg/sphere__type_support.cpp.o[0m
[ 46%] [32mBuilding CXX object CMakeFiles/turtle_control_pkg__rosidl_typesupport_c.dir/rosidl_typesupport_c/turtle_control_pkg/msg/num__type_support.cpp.o[0m
[ 48%] [32mBuilding CXX object CMakeFiles/turtle_control_pkg__rosidl_typesupport_introspection_cpp.dir/rosidl_typesupport_introspection_cpp/turtle_control_pkg/msg/detail/num__type_support.cpp.o[0m
[ 50%] [32mBuilding CXX object CMakeFiles/turtle_control_pkg__rosidl_typesupport_introspection_cpp.dir/rosidl_typesupport_introspection_cpp/turtle_control_pkg/msg/detail/sphere__type_support.cpp.o[0m
[ 51%] [32mBuilding CXX object CMakeFiles/turtle_control_pkg__rosidl_typesupport_introspection_cpp.dir/rosidl_typesupport_introspection_cpp/turtle_control_pkg/srv/detail/add_three_ints__type_support.cpp.o[0m
[ 53%] [32mBuilding C object CMakeFiles/turtle_control_pkg__rosidl_typesupport_introspection_c.dir/rosidl_typesupport_introspection_c/turtle_control_pkg/msg/detail/num__type_support.c.o[0m
[ 55%] [32mBuilding CXX object CMakeFiles/turtle_control_pkg__rosidl_typesupport_fastrtps_cpp.dir/rosidl_typesupport_fastrtps_cpp/turtle_control_pkg/msg/detail/dds_fastrtps/num__type_support.cpp.o[0m
[ 57%] [32mBuilding C object CMakeFiles/turtle_control_pkg__rosidl_typesupport_introspection_c.dir/rosidl_typesupport_introspection_c/turtle_control_pkg/msg/detail/sphere__type_support.c.o[0m
[ 59%] [32mBuilding C object CMakeFiles/turtle_control_pkg__rosidl_typesupport_introspection_c.dir/rosidl_typesupport_introspection_c/turtle_control_pkg/srv/detail/add_three_ints__type_support.c.o[0m
[ 61%] [32mBuilding CXX object CMakeFiles/turtle_control_pkg__rosidl_typesupport_fastrtps_cpp.dir/rosidl_typesupport_fastrtps_cpp/turtle_control_pkg/msg/detail/dds_fastrtps/sphere__type_support.cpp.o[0m
[ 62%] [32m[1mLinking CXX shared library libturtle_control_pkg__rosidl_typesupport_c.so[0m
[ 64%] [32mBuilding CXX object CMakeFiles/turtle_control_pkg__rosidl_typesupport_fastrtps_c.dir/rosidl_typesupport_fastrtps_c/turtle_control_pkg/msg/detail/num__type_support_c.cpp.o[0m
[ 66%] [32mBuilding CXX object CMakeFiles/turtle_control_pkg__rosidl_typesupport_fastrtps_cpp.dir/rosidl_typesupport_fastrtps_cpp/turtle_control_pkg/srv/detail/dds_fastrtps/add_three_ints__type_support.cpp.o[0m
[ 68%] [32m[1mLinking C shared library libturtle_control_pkg__rosidl_typesupport_introspection_c.so[0m
[ 68%] Built target turtle_control_pkg__rosidl_typesupport_c
[ 70%] [32mBuilding CXX object CMakeFiles/turtle_control_pkg__rosidl_typesupport_fastrtps_c.dir/rosidl_typesupport_fastrtps_c/turtle_control_pkg/msg/detail/sphere__type_support_c.cpp.o[0m
[ 70%] Built target turtle_control_pkg__rosidl_typesupport_introspection_c
[ 72%] [32mBuilding CXX object CMakeFiles/turtle_control_pkg__rosidl_typesupport_fastrtps_c.dir/rosidl_typesupport_fastrtps_c/turtle_control_pkg/srv/detail/add_three_ints__type_support_c.cpp.o[0m
[ 75%] [32m[1mLinking CXX shared library libturtle_control_pkg__rosidl_typesupport_introspection_cpp.so[0m
[ 75%] [32m[1mLinking CXX shared library libturtle_control_pkg__rosidl_typesupport_cpp.so[0m
[ 77%] [32m[1mLinking CXX shared library libturtle_control_pkg__rosidl_typesupport_fastrtps_c.so[0m
[ 77%] Built target turtle_control_pkg__rosidl_typesupport_fastrtps_c
[ 77%] Built target turtle_control_pkg__rosidl_typesupport_introspection_cpp
[ 79%] [32m[1mLinking CXX shared library libturtle_control_pkg__rosidl_typesupport_fastrtps_cpp.so[0m
[ 79%] Built target turtle_control_pkg__rosidl_typesupport_cpp
[ 79%] Built target turtle_control_pkg__rosidl_typesupport_fastrtps_cpp
[ 79%] Built target turtle_control_pkg
[ 81%] [34m[1mGenerating Python code for ROS interfaces[0m
[ 81%] Built target turtle_control_pkg__py
[ 87%] [32mBuilding C object CMakeFiles/turtle_control_pkg__rosidl_generator_py.dir/rosidl_generator_py/turtle_control_pkg/srv/_add_three_ints_s.c.o[0m
[ 87%] [32mBuilding C object CMakeFiles/turtle_control_pkg__rosidl_generator_py.dir/rosidl_generator_py/turtle_control_pkg/msg/_sphere_s.c.o[0m
[ 87%] [32mBuilding C object CMakeFiles/turtle_control_pkg__rosidl_generator_py.dir/rosidl_generator_py/turtle_control_pkg/msg/_num_s.c.o[0m
[ 88%] [32m[1mLinking C shared library libturtle_control_pkg__rosidl_generator_py.so[0m
[ 88%] Built target turtle_control_pkg__rosidl_generator_py
[ 94%] [32mBuilding C object CMakeFiles/turtle_control_pkg_s__rosidl_typesupport_introspection_c.dir/rosidl_generator_py/turtle_control_pkg/_turtle_control_pkg_s.ep.rosidl_typesupport_introspection_c.c.o[0m
[ 94%] [32mBuilding C object CMakeFiles/turtle_control_pkg_s__rosidl_typesupport_c.dir/rosidl_generator_py/turtle_control_pkg/_turtle_control_pkg_s.ep.rosidl_typesupport_c.c.o[0m
[ 94%] [32mBuilding C object CMakeFiles/turtle_control_pkg_s__rosidl_typesupport_fastrtps_c.dir/rosidl_generator_py/turtle_control_pkg/_turtle_control_pkg_s.ep.rosidl_typesupport_fastrtps_c.c.o[0m
[100%] [32m[1mLinking C shared module rosidl_generator_py/turtle_control_pkg/turtle_control_pkg_s__rosidl_typesupport_fastrtps_c.so[0m
[100%] [32m[1mLinking C shared module rosidl_generator_py/turtle_control_pkg/turtle_control_pkg_s__rosidl_typesupport_introspection_c.so[0m
[100%] [32m[1mLinking C shared module rosidl_generator_py/turtle_control_pkg/turtle_control_pkg_s__rosidl_typesupport_c.so[0m
[100%] Built target turtle_control_pkg_s__rosidl_typesupport_c
[100%] Built target turtle_control_pkg_s__rosidl_typesupport_introspection_c
[100%] Built target turtle_control_pkg_s__rosidl_typesupport_fastrtps_c
-- Install configuration: ""
-- Installing: /home/omar-magdy/Autonomous_repo/install/turtle_control_pkg/lib/turtle_control_pkg/turtle_control.py
-- Installing: /home/omar-magdy/Autonomous_repo/install/turtle_control_pkg/share/ament_index/resource_index/rosidl_interfaces/turtle_control_pkg
-- Installing: /home/omar-magdy/Autonomous_repo/install/turtle_control_pkg/share/turtle_control_pkg/msg/Num.json
-- Installing: /home/omar-magdy/Autonomous_repo/install/turtle_control_pkg/share/turtle_control_pkg/msg/Sphere.json
-- Installing: /home/omar-magdy/Autonomous_repo/install/turtle_control_pkg/share/turtle_control_pkg/srv/AddThreeInts.json
-- Installing: /home/omar-magdy/Autonomous_repo/install/turtle_control_pkg/include/turtle_control_pkg/turtle_control_pkg
-- Installing: /home/omar-magdy/Autonomous_repo/install/turtle_control_pkg/include/turtle_control_pkg/turtle_control_pkg/srv
-- Installing: /home/omar-magdy/Autonomous_repo/install/turtle_control_pkg/include/turtle_control_pkg/turtle_control_pkg/srv/detail
-- Installing: /home/omar-magdy/Autonomous_repo/install/turtle_control_pkg/include/turtle_control_pkg/turtle_control_pkg/srv/detail/add_three_ints__type_support.h
-- Installing: /home/omar-magdy/Autonomous_repo/install/turtle_control_pkg/include/turtle_control_pkg/turtle_control_pkg/srv/detail/add_three_ints__struct.h
-- Installing: /home/omar-magdy/Autonomous_repo/install/turtle_control_pkg/include/turtle_control_pkg/turtle_control_pkg/srv/detail/add_three_ints__description.c
-- Installing: /home/omar-magdy/Autonomous_repo/install/turtle_control_pkg/include/turtle_control_pkg/turtle_control_pkg/srv/detail/add_three_ints__functions.h
-- Installing: /home/omar-magdy/Autonomous_repo/install/turtle_control_pkg/include/turtle_control_pkg/turtle_control_pkg/srv/detail/add_three_ints__functions.c
-- Installing: /home/omar-magdy/Autonomous_repo/install/turtle_control_pkg/include/turtle_control_pkg/turtle_control_pkg/srv/detail/add_three_ints__type_support.c
-- Installing: /home/omar-magdy/Autonomous_repo/install/turtle_control_pkg/include/turtle_control_pkg/turtle_control_pkg/srv/add_three_ints.h
-- Installing: /home/omar-magdy/Autonomous_repo/install/turtle_control_pkg/include/turtle_control_pkg/turtle_control_pkg/msg
-- Installing: /home/omar-magdy/Autonomous_repo/install/turtle_control_pkg/include/turtle_control_pkg/turtle_control_pkg/msg/detail
-- Installing: /home/omar-magdy/Autonomous_repo/install/turtle_control_pkg/include/turtle_control_pkg/turtle_control_pkg/msg/detail/num__description.c
-- Installing: /home/omar-magdy/Autonomous_repo/install/turtle_control_pkg/include/turtle_control_pkg/turtle_control_pkg/msg/detail/sphere__type_support.h
-- Installing: /home/omar-magdy/Autonomous_repo/install/turtle_control_pkg/include/turtle_control_pkg/turtle_control_pkg/msg/detail/num__type_support.c
-- Installing: /home/omar-magdy/Autonomous_repo/install/turtle_control_pkg/include/turtle_control_pkg/turtle_control_pkg/msg/detail/num__functions.h
-- Installing: /home/omar-magdy/Autonomous_repo/install/turtle_control_pkg/include/turtle_control_pkg/turtle_control_pkg/msg/detail/num__functions.c
-- Installing: /home/omar-magdy/Autonomous_repo/install/turtle_control_pkg/include/turtle_control_pkg/turtle_control_pkg/msg/detail/sphere__functions.c
-- Installing: /home/omar-magdy/Autonomous_repo/install/turtle_control_pkg/include/turtle_control_pkg/turtle_control_pkg/msg/detail/sphere__functions.h
-- Installing: /home/omar-magdy/Autonomous_repo/install/turtle_control_pkg/include/turtle_control_pkg/turtle_control_pkg/msg/detail/sphere__type_support.c
-- Installing: /home/omar-magdy/Autonomous_repo/install/turtle_control_pkg/include/turtle_control_pkg/turtle_control_pkg/msg/detail/sphere__description.c
-- Installing: /home/omar-magdy/Autonomous_repo/install/turtle_control_pkg/include/turtle_control_pkg/turtle_control_pkg/msg/detail/num__type_support.h
-- Installing: /home/omar-magdy/Autonomous_repo/install/turtle_control_pkg/include/turtle_control_pkg/turtle_control_pkg/msg/detail/num__struct.h
-- Installing: /home/omar-magdy/Autonomous_repo/install/turtle_control_pkg/include/turtle_control_pkg/turtle_control_pkg/msg/detail/sphere__struct.h
-- Installing: /home/omar-magdy/Autonomous_repo/install/turtle_control_pkg/include/turtle_control_pkg/turtle_control_pkg/msg/num.h
-- Installing: /home/omar-magdy/Autonomous_repo/install/turtle_control_pkg/include/turtle_control_pkg/turtle_control_pkg/msg/rosidl_generator_c__visibility_control.h
-- Installing: /home/omar-magdy/Autonomous_repo/install/turtle_control_pkg/include/turtle_control_pkg/turtle_control_pkg/msg/sphere.h
-- Installing: /home/omar-magdy/Autonomous_repo/install/turtle_control_pkg/share/turtle_control_pkg/environment/library_path.sh
-- Installing: /home/omar-magdy/Autonomous_repo/install/turtle_control_pkg/share/turtle_control_pkg/environment/library_path.dsv
-- Installing: /home/omar-magdy/Autonomous_repo/install/turtle_control_pkg/lib/libturtle_control_pkg__rosidl_generator_c.so
-- Set non-toolchain portion of runtime path of "/home/omar-magdy/Autonomous_repo/install/turtle_control_pkg/lib/libturtle_control_pkg__rosidl_generator_c.so" to ""
-- Up-to-date: /home/omar-magdy/Autonomous_repo/install/turtle_control_pkg/include/turtle_control_pkg/turtle_control_pkg
-- Up-to-date: /home/omar-magdy/Autonomous_repo/install/turtle_control_pkg/include/turtle_control_pkg/turtle_control_pkg/srv
-- Up-to-date: /home/omar-magdy/Autonomous_repo/install/turtle_control_pkg/include/turtle_control_pkg/turtle_control_pkg/srv/detail
-- Installing: /home/omar-magdy/Autonomous_repo/install/turtle_control_pkg/include/turtle_control_pkg/turtle_control_pkg/srv/detail/add_three_ints__rosidl_typesupport_fastrtps_c.h
-- Up-to-date: /home/omar-magdy/Autonomous_repo/install/turtle_control_pkg/include/turtle_control_pkg/turtle_control_pkg/msg
-- Up-to-date: /home/omar-magdy/Autonomous_repo/install/turtle_control_pkg/include/turtle_control_pkg/turtle_control_pkg/msg/detail
-- Installing: /home/omar-magdy/Autonomous_repo/install/turtle_control_pkg/include/turtle_control_pkg/turtle_control_pkg/msg/detail/sphere__rosidl_typesupport_fastrtps_c.h
-- Installing: /home/omar-magdy/Autonomous_repo/install/turtle_control_pkg/include/turtle_control_pkg/turtle_control_pkg/msg/detail/num__rosidl_typesupport_fastrtps_c.h
-- Installing: /home/omar-magdy/Autonomous_repo/install/turtle_control_pkg/include/turtle_control_pkg/turtle_control_pkg/msg/rosidl_typesupport_fastrtps_c__visibility_control.h
-- Installing: /home/omar-magdy/Autonomous_repo/install/turtle_control_pkg/lib/libturtle_control_pkg__rosidl_typesupport_fastrtps_c.so
-- Set non-toolchain portion of runtime path of "/home/omar-magdy/Autonomous_repo/install/turtle_control_pkg/lib/libturtle_control_pkg__rosidl_typesupport_fastrtps_c.so" to ""
-- Up-to-date: /home/omar-magdy/Autonomous_repo/install/turtle_control_pkg/include/turtle_control_pkg/turtle_control_pkg
-- Up-to-date: /home/omar-magdy/Autonomous_repo/install/turtle_control_pkg/include/turtle_control_pkg/turtle_control_pkg/srv
-- Up-to-date: /home/omar-magdy/Autonomous_repo/install/turtle_control_pkg/include/turtle_control_pkg/turtle_control_pkg/srv/detail
-- Installing: /home/omar-magdy/Autonomous_repo/install/turtle_control_pkg/include/turtle_control_pkg/turtle_control_pkg/srv/detail/add_three_ints__type_support.hpp
-- Installing: /home/omar-magdy/Autonomous_repo/install/turtle_control_pkg/include/turtle_control_pkg/turtle_control_pkg/srv/detail/add_three_ints__builder.hpp
-- Installing: /home/omar-magdy/Autonomous_repo/install/turtle_control_pkg/include/turtle_control_pkg/turtle_control_pkg/srv/detail/add_three_ints__struct.hpp
-- Installing: /home/omar-magdy/Autonomous_repo/install/turtle_control_pkg/include/turtle_control_pkg/turtle_control_pkg/srv/detail/add_three_ints__traits.hpp
-- Installing: /home/omar-magdy/Autonomous_repo/install/turtle_control_pkg/include/turtle_control_pkg/turtle_control_pkg/srv/add_three_ints.hpp
-- Up-to-date: /home/omar-magdy/Autonomous_repo/install/turtle_control_pkg/include/turtle_control_pkg/turtle_control_pkg/msg
-- Up-to-date: /home/omar-magdy/Autonomous_repo/install/turtle_control_pkg/include/turtle_control_pkg/turtle_control_pkg/msg/detail
-- Installing: /home/omar-magdy/Autonomous_repo/install/turtle_control_pkg/include/turtle_control_pkg/turtle_control_pkg/msg/detail/num__type_support.hpp
-- Installing: /home/omar-magdy/Autonomous_repo/install/turtle_control_pkg/include/turtle_control_pkg/turtle_control_pkg/msg/detail/sphere__builder.hpp
-- Installing: /home/omar-magdy/Autonomous_repo/install/turtle_control_pkg/include/turtle_control_pkg/turtle_control_pkg/msg/detail/sphere__struct.hpp
-- Installing: /home/omar-magdy/Autonomous_repo/install/turtle_control_pkg/include/turtle_control_pkg/turtle_control_pkg/msg/detail/num__traits.hpp
-- Installing: /home/omar-magdy/Autonomous_repo/install/turtle_control_pkg/include/turtle_control_pkg/turtle_control_pkg/msg/detail/sphere__type_support.hpp
-- Installing: /home/omar-magdy/Autonomous_repo/install/turtle_control_pkg/include/turtle_control_pkg/turtle_control_pkg/msg/detail/num__builder.hpp
-- Installing: /home/omar-magdy/Autonomous_repo/install/turtle_control_pkg/include/turtle_control_pkg/turtle_control_pkg/msg/detail/num__struct.hpp
-- Installing: /home/omar-magdy/Autonomous_repo/install/turtle_control_pkg/include/turtle_control_pkg/turtle_control_pkg/msg/detail/sphere__traits.hpp
-- Installing: /home/omar-magdy/Autonomous_repo/install/turtle_control_pkg/include/turtle_control_pkg/turtle_control_pkg/msg/rosidl_generator_cpp__visibility_control.hpp
-- Installing: /home/omar-magdy/Autonomous_repo/install/turtle_control_pkg/include/turtle_control_pkg/turtle_control_pkg/msg/sphere.hpp
-- Installing: /home/omar-magdy/Autonomous_repo/install/turtle_control_pkg/include/turtle_control_pkg/turtle_control_pkg/msg/num.hpp
-- Up-to-date: /home/omar-magdy/Autonomous_repo/install/turtle_control_pkg/include/turtle_control_pkg/turtle_control_pkg
-- Up-to-date: /home/omar-magdy/Autonomous_repo/install/turtle_control_pkg/include/turtle_control_pkg/turtle_control_pkg/srv
-- Up-to-date: /home/omar-magdy/Autonomous_repo/install/turtle_control_pkg/include/turtle_control_pkg/turtle_control_pkg/srv/detail
-- Installing: /home/omar-magdy/Autonomous_repo/install/turtle_control_pkg/include/turtle_control_pkg/turtle_control_pkg/srv/detail/add_three_ints__rosidl_typesupport_fastrtps_cpp.hpp
-- Installing: /home/omar-magdy/Autonomous_repo/install/turtle_control_pkg/include/turtle_control_pkg/turtle_control_pkg/srv/detail/dds_fastrtps
-- Up-to-date: /home/omar-magdy/Autonomous_repo/install/turtle_control_pkg/include/turtle_control_pkg/turtle_control_pkg/msg
-- Up-to-date: /home/omar-magdy/Autonomous_repo/install/turtle_control_pkg/include/turtle_control_pkg/turtle_control_pkg/msg/detail
-- Installing: /home/omar-magdy/Autonomous_repo/install/turtle_control_pkg/include/turtle_control_pkg/turtle_control_pkg/msg/detail/num__rosidl_typesupport_fastrtps_cpp.hpp
-- Installing: /home/omar-magdy/Autonomous_repo/install/turtle_control_pkg/include/turtle_control_pkg/turtle_control_pkg/msg/detail/sphere__rosidl_typesupport_fastrtps_cpp.hpp
-- Installing: /home/omar-magdy/Autonomous_repo/install/turtle_control_pkg/include/turtle_control_pkg/turtle_control_pkg/msg/detail/dds_fastrtps
-- Installing: /home/omar-magdy/Autonomous_repo/install/turtle_control_pkg/include/turtle_control_pkg/turtle_control_pkg/msg/rosidl_typesupport_fastrtps_cpp__visibility_control.h
-- Installing: /home/omar-magdy/Autonomous_repo/install/turtle_control_pkg/lib/libturtle_control_pkg__rosidl_typesupport_fastrtps_cpp.so
-- Set non-toolchain portion of runtime path of "/home/omar-magdy/Autonomous_repo/install/turtle_control_pkg/lib/libturtle_control_pkg__rosidl_typesupport_fastrtps_cpp.so" to ""
-- Up-to-date: /home/omar-magdy/Autonomous_repo/install/turtle_control_pkg/include/turtle_control_pkg/turtle_control_pkg
-- Up-to-date: /home/omar-magdy/Autonomous_repo/install/turtle_control_pkg/include/turtle_control_pkg/turtle_control_pkg/srv
-- Up-to-date: /home/omar-magdy/Autonomous_repo/install/turtle_control_pkg/include/turtle_control_pkg/turtle_control_pkg/srv/detail
-- Installing: /home/omar-magdy/Autonomous_repo/install/turtle_control_pkg/include/turtle_control_pkg/turtle_control_pkg/srv/detail/add_three_ints__rosidl_typesupport_introspection_c.h
-- Installing: /home/omar-magdy/Autonomous_repo/install/turtle_control_pkg/include/turtle_control_pkg/turtle_control_pkg/srv/detail/add_three_ints__type_support.c
-- Up-to-date: /home/omar-magdy/Autonomous_repo/install/turtle_control_pkg/include/turtle_control_pkg/turtle_control_pkg/msg
-- Up-to-date: /home/omar-magdy/Autonomous_repo/install/turtle_control_pkg/include/turtle_control_pkg/turtle_control_pkg/msg/detail
-- Installing: /home/omar-magdy/Autonomous_repo/install/turtle_control_pkg/include/turtle_control_pkg/turtle_control_pkg/msg/detail/num__type_support.c
-- Installing: /home/omar-magdy/Autonomous_repo/install/turtle_control_pkg/include/turtle_control_pkg/turtle_control_pkg/msg/detail/sphere__type_support.c
-- Installing: /home/omar-magdy/Autonomous_repo/install/turtle_control_pkg/include/turtle_control_pkg/turtle_control_pkg/msg/detail/num__rosidl_typesupport_introspection_c.h
-- Installing: /home/omar-magdy/Autonomous_repo/install/turtle_control_pkg/include/turtle_control_pkg/turtle_control_pkg/msg/detail/sphere__rosidl_typesupport_introspection_c.h
-- Installing: /home/omar-magdy/Autonomous_repo/install/turtle_control_pkg/include/turtle_control_pkg/turtle_control_pkg/msg/rosidl_typesupport_introspection_c__visibility_control.h
-- Installing: /home/omar-magdy/Autonomous_repo/install/turtle_control_pkg/lib/libturtle_control_pkg__rosidl_typesupport_introspection_c.so
-- Set non-toolchain portion of runtime path of "/home/omar-magdy/Autonomous_repo/install/turtle_control_pkg/lib/libturtle_control_pkg__rosidl_typesupport_introspection_c.so" to ""
-- Installing: /home/omar-magdy/Autonomous_repo/install/turtle_control_pkg/lib/libturtle_control_pkg__rosidl_typesupport_c.so
-- Set non-toolchain portion of runtime path of "/home/omar-magdy/Autonomous_repo/install/turtle_control_pkg/lib/libturtle_control_pkg__rosidl_typesupport_c.so" to ""
-- Up-to-date: /home/omar-magdy/Autonomous_repo/install/turtle_control_pkg/include/turtle_control_pkg/turtle_control_pkg
-- Up-to-date: /home/omar-magdy/Autonomous_repo/install/turtle_control_pkg/include/turtle_control_pkg/turtle_control_pkg/srv
-- Up-to-date: /home/omar-magdy/Autonomous_repo/install/turtle_control_pkg/include/turtle_control_pkg/turtle_control_pkg/srv/detail
-- Installing: /home/omar-magdy/Autonomous_repo/install/turtle_control_pkg/include/turtle_control_pkg/turtle_control_pkg/srv/detail/add_three_ints__type_support.cpp
-- Installing: /home/omar-magdy/Autonomous_repo/install/turtle_control_pkg/include/turtle_control_pkg/turtle_control_pkg/srv/detail/add_three_ints__rosidl_typesupport_introspection_cpp.hpp
-- Up-to-date: /home/omar-magdy/Autonomous_repo/install/turtle_control_pkg/include/turtle_control_pkg/turtle_control_pkg/msg
-- Up-to-date: /home/omar-magdy/Autonomous_repo/install/turtle_control_pkg/include/turtle_control_pkg/turtle_control_pkg/msg/detail
-- Installing: /home/omar-magdy/Autonomous_repo/install/turtle_control_pkg/include/turtle_control_pkg/turtle_control_pkg/msg/detail/sphere__type_support.cpp
-- Installing: /home/omar-magdy/Autonomous_repo/install/turtle_control_pkg/include/turtle_control_pkg/turtle_control_pkg/msg/detail/sphere__rosidl_typesupport_introspection_cpp.hpp
-- Installing: /home/omar-magdy/Autonomous_repo/install/turtle_control_pkg/include/turtle_control_pkg/turtle_control_pkg/msg/detail/num__type_support.cpp
-- Installing: /home/omar-magdy/Autonomous_repo/install/turtle_control_pkg/include/turtle_control_pkg/turtle_control_pkg/msg/detail/num__rosidl_typesupport_introspection_cpp.hpp
-- Installing: /home/omar-magdy/Autonomous_repo/install/turtle_control_pkg/lib/libturtle_control_pkg__rosidl_typesupport_introspection_cpp.so
-- Set non-toolchain portion of runtime path of "/home/omar-magdy/Autonomous_repo/install/turtle_control_pkg/lib/libturtle_control_pkg__rosidl_typesupport_introspection_cpp.so" to ""
-- Installing: /home/omar-magdy/Autonomous_repo/install/turtle_control_pkg/lib/libturtle_control_pkg__rosidl_typesupport_cpp.so
-- Set non-toolchain portion of runtime path of "/home/omar-magdy/Autonomous_repo/install/turtle_control_pkg/lib/libturtle_control_pkg__rosidl_typesupport_cpp.so" to ""
-- Installing: /home/omar-magdy/Autonomous_repo/install/turtle_control_pkg/share/turtle_control_pkg/environment/pythonpath.sh
-- Installing: /home/omar-magdy/Autonomous_repo/install/turtle_control_pkg/share/turtle_control_pkg/environment/pythonpath.dsv
-- Installing: /home/omar-magdy/Autonomous_repo/install/turtle_control_pkg/lib/python3.12/site-packages/turtle_control_pkg-0.0.0-py3.12.egg-info
-- Installing: /home/omar-magdy/Autonomous_repo/install/turtle_control_pkg/lib/python3.12/site-packages/turtle_control_pkg-0.0.0-py3.12.egg-info/PKG-INFO
-- Installing: /home/omar-magdy/Autonomous_repo/install/turtle_control_pkg/lib/python3.12/site-packages/turtle_control_pkg-0.0.0-py3.12.egg-info/SOURCES.txt
-- Installing: /home/omar-magdy/Autonomous_repo/install/turtle_control_pkg/lib/python3.12/site-packages/turtle_control_pkg-0.0.0-py3.12.egg-info/top_level.txt
-- Installing: /home/omar-magdy/Autonomous_repo/install/turtle_control_pkg/lib/python3.12/site-packages/turtle_control_pkg-0.0.0-py3.12.egg-info/dependency_links.txt
-- Installing: /home/omar-magdy/Autonomous_repo/install/turtle_control_pkg/lib/python3.12/site-packages/turtle_control_pkg
-- Installing: /home/omar-magdy/Autonomous_repo/install/turtle_control_pkg/lib/python3.12/site-packages/turtle_control_pkg/turtle_control_pkg_s__rosidl_typesupport_c.so
-- Installing: /home/omar-magdy/Autonomous_repo/install/turtle_control_pkg/lib/python3.12/site-packages/turtle_control_pkg/turtle_control_pkg_s__rosidl_typesupport_introspection_c.so
-- Installing: /home/omar-magdy/Autonomous_repo/install/turtle_control_pkg/lib/python3.12/site-packages/turtle_control_pkg/__init__.py
-- Installing: /home/omar-magdy/Autonomous_repo/install/turtle_control_pkg/lib/python3.12/site-packages/turtle_control_pkg/_turtle_control_pkg_s.ep.rosidl_typesupport_fastrtps_c.c
-- Installing: /home/omar-magdy/Autonomous_repo/install/turtle_control_pkg/lib/python3.12/site-packages/turtle_control_pkg/srv
-- Installing: /home/omar-magdy/Autonomous_repo/install/turtle_control_pkg/lib/python3.12/site-packages/turtle_control_pkg/srv/_add_three_ints_s.c
-- Installing: /home/omar-magdy/Autonomous_repo/install/turtle_control_pkg/lib/python3.12/site-packages/turtle_control_pkg/srv/__init__.py
-- Installing: /home/omar-magdy/Autonomous_repo/install/turtle_control_pkg/lib/python3.12/site-packages/turtle_control_pkg/srv/_add_three_ints.py
-- Installing: /home/omar-magdy/Autonomous_repo/install/turtle_control_pkg/lib/python3.12/site-packages/turtle_control_pkg/_turtle_control_pkg_s.ep.rosidl_typesupport_introspection_c.c
-- Installing: /home/omar-magdy/Autonomous_repo/install/turtle_control_pkg/lib/python3.12/site-packages/turtle_control_pkg/msg
-- Installing: /home/omar-magdy/Autonomous_repo/install/turtle_control_pkg/lib/python3.12/site-packages/turtle_control_pkg/msg/_sphere_s.c
-- Installing: /home/omar-magdy/Autonomous_repo/install/turtle_control_pkg/lib/python3.12/site-packages/turtle_control_pkg/msg/__init__.py
-- Installing: /home/omar-magdy/Autonomous_repo/install/turtle_control_pkg/lib/python3.12/site-packages/turtle_control_pkg/msg/_num_s.c
-- Installing: /home/omar-magdy/Autonomous_repo/install/turtle_control_pkg/lib/python3.12/site-packages/turtle_control_pkg/msg/_sphere.py
-- Installing: /home/omar-magdy/Autonomous_repo/install/turtle_control_pkg/lib/python3.12/site-packages/turtle_control_pkg/msg/_num.py
-- Installing: /home/omar-magdy/Autonomous_repo/install/turtle_control_pkg/lib/python3.12/site-packages/turtle_control_pkg/_turtle_control_pkg_s.ep.rosidl_typesupport_c.c
-- Installing: /home/omar-magdy/Autonomous_repo/install/turtle_control_pkg/lib/python3.12/site-packages/turtle_control_pkg/turtle_control_pkg_s__rosidl_typesupport_fastrtps_c.so
Listing '/home/omar-magdy/Autonomous_repo/install/turtle_control_pkg/lib/python3.12/site-packages/turtle_control_pkg'...
Compiling '/home/omar-magdy/Autonomous_repo/install/turtle_control_pkg/lib/python3.12/site-packages/turtle_control_pkg/__init__.py'...
Listing '/home/omar-magdy/Autonomous_repo/install/turtle_control_pkg/lib/python3.12/site-packages/turtle_control_pkg/msg'...
Compiling '/home/omar-magdy/Autonomous_repo/install/turtle_control_pkg/lib/python3.12/site-packages/turtle_control_pkg/msg/__init__.py'...
Compiling '/home/omar-magdy/Autonomous_repo/install/turtle_control_pkg/lib/python3.12/site-packages/turtle_control_pkg/msg/_num.py'...
Compiling '/home/omar-magdy/Autonomous_repo/install/turtle_control_pkg/lib/python3.12/site-packages/turtle_control_pkg/msg/_sphere.py'...
Listing '/home/omar-magdy/Autonomous_repo/install/turtle_control_pkg/lib/python3.12/site-packages/turtle_control_pkg/srv'...
Compiling '/home/omar-magdy/Autonomous_repo/install/turtle_control_pkg/lib/python3.12/site-packages/turtle_control_pkg/srv/__init__.py'...
Compiling '/home/omar-magdy/Autonomous_repo/install/turtle_control_pkg/lib/python3.12/site-packages/turtle_control_pkg/srv/_add_three_ints.py'...
-- Installing: /home/omar-magdy/Autonomous_repo/install/turtle_control_pkg/lib/python3.12/site-packages/turtle_control_pkg/turtle_control_pkg_s__rosidl_typesupport_fastrtps_c.so
-- Set non-toolchain portion of runtime path of "/home/omar-magdy/Autonomous_repo/install/turtle_control_pkg/lib/python3.12/site-packages/turtle_control_pkg/turtle_control_pkg_s__rosidl_typesupport_fastrtps_c.so" to ""
-- Installing: /home/omar-magdy/Autonomous_repo/install/turtle_control_pkg/lib/python3.12/site-packages/turtle_control_pkg/turtle_control_pkg_s__rosidl_typesupport_introspection_c.so
-- Set non-toolchain portion of runtime path of "/home/omar-magdy/Autonomous_repo/install/turtle_control_pkg/lib/python3.12/site-packages/turtle_control_pkg/turtle_control_pkg_s__rosidl_typesupport_introspection_c.so" to ""
-- Installing: /home/omar-magdy/Autonomous_repo/install/turtle_control_pkg/lib/python3.12/site-packages/turtle_control_pkg/turtle_control_pkg_s__rosidl_typesupport_c.so
-- Set non-toolchain portion of runtime path of "/home/omar-magdy/Autonomous_repo/install/turtle_control_pkg/lib/python3.12/site-packages/turtle_control_pkg/turtle_control_pkg_s__rosidl_typesupport_c.so" to ""
-- Installing: /home/omar-magdy/Autonomous_repo/install/turtle_control_pkg/lib/libturtle_control_pkg__rosidl_generator_py.so
-- Set non-toolchain portion of runtime path of "/home/omar-magdy/Autonomous_repo/install/turtle_control_pkg/lib/libturtle_control_pkg__rosidl_generator_py.so" to ""
-- Installing: /home/omar-magdy/Autonomous_repo/install/turtle_control_pkg/share/turtle_control_pkg/msg/Num.idl
-- Installing: /home/omar-magdy/Autonomous_repo/install/turtle_control_pkg/share/turtle_control_pkg/msg/Sphere.idl
-- Installing: /home/omar-magdy/Autonomous_repo/install/turtle_control_pkg/share/turtle_control_pkg/srv/AddThreeInts.idl
-- Installing: /home/omar-magdy/Autonomous_repo/install/turtle_control_pkg/share/turtle_control_pkg/msg/Num.msg
-- Installing: /home/omar-magdy/Autonomous_repo/install/turtle_control_pkg/share/turtle_control_pkg/msg/Sphere.msg
-- Installing: /home/omar-magdy/Autonomous_repo/install/turtle_control_pkg/share/turtle_control_pkg/srv/AddThreeInts.srv
-- Installing: /home/omar-magdy/Autonomous_repo/install/turtle_control_pkg/share/ament_index/resource_index/package_run_dependencies/turtle_control_pkg
-- Installing: /home/omar-magdy/Autonomous_repo/install/turtle_control_pkg/share/ament_index/resource_index/parent_prefix_path/turtle_control_pkg
-- Installing: /home/omar-magdy/Autonomous_repo/install/turtle_control_pkg/share/turtle_control_pkg/environment/ament_prefix_path.sh
-- Installing: /home/omar-magdy/Autonomous_repo/install/turtle_control_pkg/share/turtle_control_pkg/environment/ament_prefix_path.dsv
-- Installing: /home/omar-magdy/Autonomous_repo/install/turtle_control_pkg/share/turtle_control_pkg/environment/path.sh
-- Installing: /home/omar-magdy/Autonomous_repo/install/turtle_control_pkg/share/turtle_control_pkg/environment/path.dsv
-- Installing: /home/omar-magdy/Autonomous_repo/install/turtle_control_pkg/share/turtle_control_pkg/local_setup.bash
-- Installing: /home/omar-magdy/Autonomous_repo/install/turtle_control_pkg/share/turtle_control_pkg/local_setup.sh
-- Installing: /home/omar-magdy/Autonomous_repo/install/turtle_control_pkg/share/turtle_control_pkg/local_setup.zsh
-- Installing: /home/omar-magdy/Autonomous_repo/install/turtle_control_pkg/share/turtle_control_pkg/local_setup.dsv
-- Installing: /home/omar-magdy/Autonomous_repo/install/turtle_control_pkg/share/turtle_control_pkg/package.dsv
-- Installing: /home/omar-magdy/Autonomous_repo/install/turtle_control_pkg/share/ament_index/resource_index/packages/turtle_control_pkg
-- Installing: /home/omar-magdy/Autonomous_repo/install/turtle_control_pkg/share/turtle_control_pkg/cmake/export_turtle_control_pkg__rosidl_generator_cExport.cmake
-- Installing: /home/omar-magdy/Autonomous_repo/install/turtle_control_pkg/share/turtle_control_pkg/cmake/export_turtle_control_pkg__rosidl_generator_cExport-noconfig.cmake
-- Installing: /home/omar-magdy/Autonomous_repo/install/turtle_control_pkg/share/turtle_control_pkg/cmake/export_turtle_control_pkg__rosidl_typesupport_fastrtps_cExport.cmake
-- Installing: /home/omar-magdy/Autonomous_repo/install/turtle_control_pkg/share/turtle_control_pkg/cmake/export_turtle_control_pkg__rosidl_typesupport_fastrtps_cExport-noconfig.cmake
-- Installing: /home/omar-magdy/Autonomous_repo/install/turtle_control_pkg/share/turtle_control_pkg/cmake/export_turtle_control_pkg__rosidl_generator_cppExport.cmake
-- Installing: /home/omar-magdy/Autonomous_repo/install/turtle_control_pkg/share/turtle_control_pkg/cmake/export_turtle_control_pkg__rosidl_typesupport_fastrtps_cppExport.cmake
-- Installing: /home/omar-magdy/Autonomous_repo/install/turtle_control_pkg/share/turtle_control_pkg/cmake/export_turtle_control_pkg__rosidl_typesupport_fastrtps_cppExport-noconfig.cmake
-- Installing: /home/omar-magdy/Autonomous_repo/install/turtle_control_pkg/share/turtle_control_pkg/cmake/turtle_control_pkg__rosidl_typesupport_introspection_cExport.cmake
-- Installing: /home/omar-magdy/Autonomous_repo/install/turtle_control_pkg/share/turtle_control_pkg/cmake/turtle_control_pkg__rosidl_typesupport_introspection_cExport-noconfig.cmake
-- Installing: /home/omar-magdy/Autonomous_repo/install/turtle_control_pkg/share/turtle_control_pkg/cmake/turtle_control_pkg__rosidl_typesupport_cExport.cmake
-- Installing: /home/omar-magdy/Autonomous_repo/install/turtle_control_pkg/share/turtle_control_pkg/cmake/turtle_control_pkg__rosidl_typesupport_cExport-noconfig.cmake
-- Installing: /home/omar-magdy/Autonomous_repo/install/turtle_control_pkg/share/turtle_control_pkg/cmake/turtle_control_pkg__rosidl_typesupport_introspection_cppExport.cmake
-- Installing: /home/omar-magdy/Autonomous_repo/install/turtle_control_pkg/share/turtle_control_pkg/cmake/turtle_control_pkg__rosidl_typesupport_introspection_cppExport-noconfig.cmake
-- Installing: /home/omar-magdy/Autonomous_repo/install/turtle_control_pkg/share/turtle_control_pkg/cmake/turtle_control_pkg__rosidl_typesupport_cppExport.cmake
-- Installing: /home/omar-magdy/Autonomous_repo/install/turtle_control_pkg/share/turtle_control_pkg/cmake/turtle_control_pkg__rosidl_typesupport_cppExport-noconfig.cmake
-- Installing: /home/omar-magdy/Autonomous_repo/install/turtle_control_pkg/share/turtle_control_pkg/cmake/export_turtle_control_pkg__rosidl_generator_pyExport.cmake
-- Installing: /home/omar-magdy/Autonomous_repo/install/turtle_control_pkg/share/turtle_control_pkg/cmake/export_turtle_control_pkg__rosidl_generator_pyExport-noconfig.cmake
-- Installing: /home/omar-magdy/Autonomous_repo/install/turtle_control_pkg/share/turtle_control_pkg/cmake/rosidl_cmake-extras.cmake
-- Installing: /home/omar-magdy/Autonomous_repo/install/turtle_control_pkg/share/turtle_control_pkg/cmake/ament_cmake_export_dependencies-extras.cmake
-- Installing: /home/omar-magdy/Autonomous_repo/install/turtle_control_pkg/share/turtle_control_pkg/cmake/ament_cmake_export_include_directories-extras.cmake
-- Installing: /home/omar-magdy/Autonomous_repo/install/turtle_control_pkg/share/turtle_control_pkg/cmake/ament_cmake_export_libraries-extras.cmake
-- Installing: /home/omar-magdy/Autonomous_repo/install/turtle_control_pkg/share/turtle_control_pkg/cmake/ament_cmake_export_targets-extras.cmake
-- Installing: /home/omar-magdy/Autonomous_repo/install/turtle_control_pkg/share/turtle_control_pkg/cmake/rosidl_cmake_export_typesupport_targets-extras.cmake
-- Installing: /home/omar-magdy/Autonomous_repo/install/turtle_control_pkg/share/turtle_control_pkg/cmake/rosidl_cmake_export_typesupport_libraries-extras.cmake
-- Installing: /home/omar-magdy/Autonomous_repo/install/turtle_control_pkg/share/turtle_control_pkg/cmake/turtle_control_pkgConfig.cmake
-- Installing: /home/omar-magdy/Autonomous_repo/install/turtle_control_pkg/share/turtle_control_pkg/cmake/turtle_control_pkgConfig-version.cmake
-- Installing: /home/omar-magdy/Autonomous_repo/install/turtle_control_pkg/share/turtle_control_pkg/package.xml
