[  1%] Built target turtle_control_pkg__rosidl_generator_type_description
[  1%] Built target ament_cmake_python_copy_turtle_control_pkg
[  3%] Built target turtle_control_pkg__cpp
[ 24%] Built target turtle_control_pkg__rosidl_generator_c
[ 55%] Built target turtle_control_pkg__rosidl_typesupport_c
[ 55%] Built target turtle_control_pkg__rosidl_typesupport_introspection_cpp
[ 55%] Built target turtle_control_pkg__rosidl_typesupport_cpp
[ 61%] Built target turtle_control_pkg__rosidl_typesupport_introspection_c
[ 74%] Built target turtle_control_pkg__rosidl_typesupport_fastrtps_cpp
[ 79%] Built target turtle_control_pkg__rosidl_typesupport_fastrtps_c
[ 79%] Built target turtle_control_pkg
[ 81%] Built target turtle_control_pkg__py
[ 88%] Built target turtle_control_pkg__rosidl_generator_py
[100%] Built target turtle_control_pkg_s__rosidl_typesupport_fastrtps_c
[100%] Built target turtle_control_pkg_s__rosidl_typesupport_introspection_c
[100%] Built target turtle_control_pkg_s__rosidl_typesupport_c
running egg_info
writing turtle_control_pkg.egg-info/PKG-INFO
writing dependency_links to turtle_control_pkg.egg-info/dependency_links.txt
writing top-level names to turtle_control_pkg.egg-info/top_level.txt
reading manifest file 'turtle_control_pkg.egg-info/SOURCES.txt'
writing manifest file 'turtle_control_pkg.egg-info/SOURCES.txt'
[100%] Built target ament_cmake_python_build_turtle_control_pkg_egg
-- Install configuration: ""
-- Up-to-date: /home/omar-magdy/Autonomous_repo/install/turtle_control_pkg/lib/turtle_control_pkg/turtle_control.py
-- Installing: /home/omar-magdy/Autonomous_repo/install/turtle_control_pkg/lib/turtle_control_pkg/simple_publisher.py
-- Installing: /home/omar-magdy/Autonomous_repo/install/turtle_control_pkg/lib/turtle_control_pkg/simple_subscriber.py
-- Up-to-date: /home/omar-magdy/Autonomous_repo/install/turtle_control_pkg/share/ament_index/resource_index/rosidl_interfaces/turtle_control_pkg
-- Up-to-date: /home/omar-magdy/Autonomous_repo/install/turtle_control_pkg/share/turtle_control_pkg/msg/Num.json
-- Up-to-date: /home/omar-magdy/Autonomous_repo/install/turtle_control_pkg/share/turtle_control_pkg/msg/Sphere.json
-- Up-to-date: /home/omar-magdy/Autonomous_repo/install/turtle_control_pkg/share/turtle_control_pkg/srv/AddThreeInts.json
-- Up-to-date: /home/omar-magdy/Autonomous_repo/install/turtle_control_pkg/include/turtle_control_pkg/turtle_control_pkg
-- Up-to-date: /home/omar-magdy/Autonomous_repo/install/turtle_control_pkg/include/turtle_control_pkg/turtle_control_pkg/srv
-- Up-to-date: /home/omar-magdy/Autonomous_repo/install/turtle_control_pkg/include/turtle_control_pkg/turtle_control_pkg/srv/detail
-- Up-to-date: /home/omar-magdy/Autonomous_repo/install/turtle_control_pkg/include/turtle_control_pkg/turtle_control_pkg/srv/detail/add_three_ints__type_support.h
-- Up-to-date: /home/omar-magdy/Autonomous_repo/install/turtle_control_pkg/include/turtle_control_pkg/turtle_control_pkg/srv/detail/add_three_ints__struct.h
-- Up-to-date: /home/omar-magdy/Autonomous_repo/install/turtle_control_pkg/include/turtle_control_pkg/turtle_control_pkg/srv/detail/add_three_ints__description.c
-- Up-to-date: /home/omar-magdy/Autonomous_repo/install/turtle_control_pkg/include/turtle_control_pkg/turtle_control_pkg/srv/detail/add_three_ints__functions.h
-- Up-to-date: /home/omar-magdy/Autonomous_repo/install/turtle_control_pkg/include/turtle_control_pkg/turtle_control_pkg/srv/detail/add_three_ints__functions.c
-- Up-to-date: /home/omar-magdy/Autonomous_repo/install/turtle_control_pkg/include/turtle_control_pkg/turtle_control_pkg/srv/detail/add_three_ints__type_support.c
-- Up-to-date: /home/omar-magdy/Autonomous_repo/install/turtle_control_pkg/include/turtle_control_pkg/turtle_control_pkg/srv/add_three_ints.h
-- Up-to-date: /home/omar-magdy/Autonomous_repo/install/turtle_control_pkg/include/turtle_control_pkg/turtle_control_pkg/msg
-- Up-to-date: /home/omar-magdy/Autonomous_repo/install/turtle_control_pkg/include/turtle_control_pkg/turtle_control_pkg/msg/detail
-- Up-to-date: /home/omar-magdy/Autonomous_repo/install/turtle_control_pkg/include/turtle_control_pkg/turtle_control_pkg/msg/detail/num__description.c
-- Up-to-date: /home/omar-magdy/Autonomous_repo/install/turtle_control_pkg/include/turtle_control_pkg/turtle_control_pkg/msg/detail/sphere__type_support.h
-- Up-to-date: /home/omar-magdy/Autonomous_repo/install/turtle_control_pkg/include/turtle_control_pkg/turtle_control_pkg/msg/detail/num__type_support.c
-- Up-to-date: /home/omar-magdy/Autonomous_repo/install/turtle_control_pkg/include/turtle_control_pkg/turtle_control_pkg/msg/detail/num__functions.h
-- Up-to-date: /home/omar-magdy/Autonomous_repo/install/turtle_control_pkg/include/turtle_control_pkg/turtle_control_pkg/msg/detail/num__functions.c
-- Up-to-date: /home/omar-magdy/Autonomous_repo/install/turtle_control_pkg/include/turtle_control_pkg/turtle_control_pkg/msg/detail/sphere__functions.c
-- Up-to-date: /home/omar-magdy/Autonomous_repo/install/turtle_control_pkg/include/turtle_control_pkg/turtle_control_pkg/msg/detail/sphere__functions.h
-- Up-to-date: /home/omar-magdy/Autonomous_repo/install/turtle_control_pkg/include/turtle_control_pkg/turtle_control_pkg/msg/detail/sphere__type_support.c
-- Up-to-date: /home/omar-magdy/Autonomous_repo/install/turtle_control_pkg/include/turtle_control_pkg/turtle_control_pkg/msg/detail/sphere__description.c
-- Up-to-date: /home/omar-magdy/Autonomous_repo/install/turtle_control_pkg/include/turtle_control_pkg/turtle_control_pkg/msg/detail/num__type_support.h
-- Up-to-date: /home/omar-magdy/Autonomous_repo/install/turtle_control_pkg/include/turtle_control_pkg/turtle_control_pkg/msg/detail/num__struct.h
-- Up-to-date: /home/omar-magdy/Autonomous_repo/install/turtle_control_pkg/include/turtle_control_pkg/turtle_control_pkg/msg/detail/sphere__struct.h
-- Up-to-date: /home/omar-magdy/Autonomous_repo/install/turtle_control_pkg/include/turtle_control_pkg/turtle_control_pkg/msg/num.h
-- Up-to-date: /home/omar-magdy/Autonomous_repo/install/turtle_control_pkg/include/turtle_control_pkg/turtle_control_pkg/msg/rosidl_generator_c__visibility_control.h
-- Up-to-date: /home/omar-magdy/Autonomous_repo/install/turtle_control_pkg/include/turtle_control_pkg/turtle_control_pkg/msg/sphere.h
-- Up-to-date: /home/omar-magdy/Autonomous_repo/install/turtle_control_pkg/share/turtle_control_pkg/environment/library_path.sh
-- Up-to-date: /home/omar-magdy/Autonomous_repo/install/turtle_control_pkg/share/turtle_control_pkg/environment/library_path.dsv
-- Up-to-date: /home/omar-magdy/Autonomous_repo/install/turtle_control_pkg/lib/libturtle_control_pkg__rosidl_generator_c.so
-- Up-to-date: /home/omar-magdy/Autonomous_repo/install/turtle_control_pkg/include/turtle_control_pkg/turtle_control_pkg
-- Up-to-date: /home/omar-magdy/Autonomous_repo/install/turtle_control_pkg/include/turtle_control_pkg/turtle_control_pkg/srv
-- Up-to-date: /home/omar-magdy/Autonomous_repo/install/turtle_control_pkg/include/turtle_control_pkg/turtle_control_pkg/srv/detail
-- Up-to-date: /home/omar-magdy/Autonomous_repo/install/turtle_control_pkg/include/turtle_control_pkg/turtle_control_pkg/srv/detail/add_three_ints__rosidl_typesupport_fastrtps_c.h
-- Up-to-date: /home/omar-magdy/Autonomous_repo/install/turtle_control_pkg/include/turtle_control_pkg/turtle_control_pkg/msg
-- Up-to-date: /home/omar-magdy/Autonomous_repo/install/turtle_control_pkg/include/turtle_control_pkg/turtle_control_pkg/msg/detail
-- Up-to-date: /home/omar-magdy/Autonomous_repo/install/turtle_control_pkg/include/turtle_control_pkg/turtle_control_pkg/msg/detail/sphere__rosidl_typesupport_fastrtps_c.h
-- Up-to-date: /home/omar-magdy/Autonomous_repo/install/turtle_control_pkg/include/turtle_control_pkg/turtle_control_pkg/msg/detail/num__rosidl_typesupport_fastrtps_c.h
-- Up-to-date: /home/omar-magdy/Autonomous_repo/install/turtle_control_pkg/include/turtle_control_pkg/turtle_control_pkg/msg/rosidl_typesupport_fastrtps_c__visibility_control.h
-- Up-to-date: /home/omar-magdy/Autonomous_repo/install/turtle_control_pkg/lib/libturtle_control_pkg__rosidl_typesupport_fastrtps_c.so
-- Up-to-date: /home/omar-magdy/Autonomous_repo/install/turtle_control_pkg/include/turtle_control_pkg/turtle_control_pkg
-- Up-to-date: /home/omar-magdy/Autonomous_repo/install/turtle_control_pkg/include/turtle_control_pkg/turtle_control_pkg/srv
-- Up-to-date: /home/omar-magdy/Autonomous_repo/install/turtle_control_pkg/include/turtle_control_pkg/turtle_control_pkg/srv/detail
-- Up-to-date: /home/omar-magdy/Autonomous_repo/install/turtle_control_pkg/include/turtle_control_pkg/turtle_control_pkg/srv/detail/add_three_ints__type_support.hpp
-- Up-to-date: /home/omar-magdy/Autonomous_repo/install/turtle_control_pkg/include/turtle_control_pkg/turtle_control_pkg/srv/detail/add_three_ints__builder.hpp
-- Up-to-date: /home/omar-magdy/Autonomous_repo/install/turtle_control_pkg/include/turtle_control_pkg/turtle_control_pkg/srv/detail/add_three_ints__struct.hpp
-- Up-to-date: /home/omar-magdy/Autonomous_repo/install/turtle_control_pkg/include/turtle_control_pkg/turtle_control_pkg/srv/detail/add_three_ints__traits.hpp
-- Up-to-date: /home/omar-magdy/Autonomous_repo/install/turtle_control_pkg/include/turtle_control_pkg/turtle_control_pkg/srv/add_three_ints.hpp
-- Up-to-date: /home/omar-magdy/Autonomous_repo/install/turtle_control_pkg/include/turtle_control_pkg/turtle_control_pkg/msg
-- Up-to-date: /home/omar-magdy/Autonomous_repo/install/turtle_control_pkg/include/turtle_control_pkg/turtle_control_pkg/msg/detail
-- Up-to-date: /home/omar-magdy/Autonomous_repo/install/turtle_control_pkg/include/turtle_control_pkg/turtle_control_pkg/msg/detail/num__type_support.hpp
-- Up-to-date: /home/omar-magdy/Autonomous_repo/install/turtle_control_pkg/include/turtle_control_pkg/turtle_control_pkg/msg/detail/sphere__builder.hpp
-- Up-to-date: /home/omar-magdy/Autonomous_repo/install/turtle_control_pkg/include/turtle_control_pkg/turtle_control_pkg/msg/detail/sphere__struct.hpp
-- Up-to-date: /home/omar-magdy/Autonomous_repo/install/turtle_control_pkg/include/turtle_control_pkg/turtle_control_pkg/msg/detail/num__traits.hpp
-- Up-to-date: /home/omar-magdy/Autonomous_repo/install/turtle_control_pkg/include/turtle_control_pkg/turtle_control_pkg/msg/detail/sphere__type_support.hpp
-- Up-to-date: /home/omar-magdy/Autonomous_repo/install/turtle_control_pkg/include/turtle_control_pkg/turtle_control_pkg/msg/detail/num__builder.hpp
-- Up-to-date: /home/omar-magdy/Autonomous_repo/install/turtle_control_pkg/include/turtle_control_pkg/turtle_control_pkg/msg/detail/num__struct.hpp
-- Up-to-date: /home/omar-magdy/Autonomous_repo/install/turtle_control_pkg/include/turtle_control_pkg/turtle_control_pkg/msg/detail/sphere__traits.hpp
-- Up-to-date: /home/omar-magdy/Autonomous_repo/install/turtle_control_pkg/include/turtle_control_pkg/turtle_control_pkg/msg/rosidl_generator_cpp__visibility_control.hpp
-- Up-to-date: /home/omar-magdy/Autonomous_repo/install/turtle_control_pkg/include/turtle_control_pkg/turtle_control_pkg/msg/sphere.hpp
-- Up-to-date: /home/omar-magdy/Autonomous_repo/install/turtle_control_pkg/include/turtle_control_pkg/turtle_control_pkg/msg/num.hpp
-- Up-to-date: /home/omar-magdy/Autonomous_repo/install/turtle_control_pkg/include/turtle_control_pkg/turtle_control_pkg
-- Up-to-date: /home/omar-magdy/Autonomous_repo/install/turtle_control_pkg/include/turtle_control_pkg/turtle_control_pkg/srv
-- Up-to-date: /home/omar-magdy/Autonomous_repo/install/turtle_control_pkg/include/turtle_control_pkg/turtle_control_pkg/srv/detail
-- Up-to-date: /home/omar-magdy/Autonomous_repo/install/turtle_control_pkg/include/turtle_control_pkg/turtle_control_pkg/srv/detail/add_three_ints__rosidl_typesupport_fastrtps_cpp.hpp
-- Up-to-date: /home/omar-magdy/Autonomous_repo/install/turtle_control_pkg/include/turtle_control_pkg/turtle_control_pkg/srv/detail/dds_fastrtps
-- Up-to-date: /home/omar-magdy/Autonomous_repo/install/turtle_control_pkg/include/turtle_control_pkg/turtle_control_pkg/msg
-- Up-to-date: /home/omar-magdy/Autonomous_repo/install/turtle_control_pkg/include/turtle_control_pkg/turtle_control_pkg/msg/detail
-- Up-to-date: /home/omar-magdy/Autonomous_repo/install/turtle_control_pkg/include/turtle_control_pkg/turtle_control_pkg/msg/detail/num__rosidl_typesupport_fastrtps_cpp.hpp
-- Up-to-date: /home/omar-magdy/Autonomous_repo/install/turtle_control_pkg/include/turtle_control_pkg/turtle_control_pkg/msg/detail/sphere__rosidl_typesupport_fastrtps_cpp.hpp
-- Up-to-date: /home/omar-magdy/Autonomous_repo/install/turtle_control_pkg/include/turtle_control_pkg/turtle_control_pkg/msg/detail/dds_fastrtps
-- Up-to-date: /home/omar-magdy/Autonomous_repo/install/turtle_control_pkg/include/turtle_control_pkg/turtle_control_pkg/msg/rosidl_typesupport_fastrtps_cpp__visibility_control.h
-- Up-to-date: /home/omar-magdy/Autonomous_repo/install/turtle_control_pkg/lib/libturtle_control_pkg__rosidl_typesupport_fastrtps_cpp.so
-- Up-to-date: /home/omar-magdy/Autonomous_repo/install/turtle_control_pkg/include/turtle_control_pkg/turtle_control_pkg
-- Up-to-date: /home/omar-magdy/Autonomous_repo/install/turtle_control_pkg/include/turtle_control_pkg/turtle_control_pkg/srv
-- Up-to-date: /home/omar-magdy/Autonomous_repo/install/turtle_control_pkg/include/turtle_control_pkg/turtle_control_pkg/srv/detail
-- Up-to-date: /home/omar-magdy/Autonomous_repo/install/turtle_control_pkg/include/turtle_control_pkg/turtle_control_pkg/srv/detail/add_three_ints__rosidl_typesupport_introspection_c.h
-- Up-to-date: /home/omar-magdy/Autonomous_repo/install/turtle_control_pkg/include/turtle_control_pkg/turtle_control_pkg/srv/detail/add_three_ints__type_support.c
-- Up-to-date: /home/omar-magdy/Autonomous_repo/install/turtle_control_pkg/include/turtle_control_pkg/turtle_control_pkg/msg
-- Up-to-date: /home/omar-magdy/Autonomous_repo/install/turtle_control_pkg/include/turtle_control_pkg/turtle_control_pkg/msg/detail
-- Up-to-date: /home/omar-magdy/Autonomous_repo/install/turtle_control_pkg/include/turtle_control_pkg/turtle_control_pkg/msg/detail/num__type_support.c
-- Up-to-date: /home/omar-magdy/Autonomous_repo/install/turtle_control_pkg/include/turtle_control_pkg/turtle_control_pkg/msg/detail/sphere__type_support.c
-- Up-to-date: /home/omar-magdy/Autonomous_repo/install/turtle_control_pkg/include/turtle_control_pkg/turtle_control_pkg/msg/detail/num__rosidl_typesupport_introspection_c.h
-- Up-to-date: /home/omar-magdy/Autonomous_repo/install/turtle_control_pkg/include/turtle_control_pkg/turtle_control_pkg/msg/detail/sphere__rosidl_typesupport_introspection_c.h
-- Up-to-date: /home/omar-magdy/Autonomous_repo/install/turtle_control_pkg/include/turtle_control_pkg/turtle_control_pkg/msg/rosidl_typesupport_introspection_c__visibility_control.h
-- Up-to-date: /home/omar-magdy/Autonomous_repo/install/turtle_control_pkg/lib/libturtle_control_pkg__rosidl_typesupport_introspection_c.so
-- Up-to-date: /home/omar-magdy/Autonomous_repo/install/turtle_control_pkg/lib/libturtle_control_pkg__rosidl_typesupport_c.so
-- Up-to-date: /home/omar-magdy/Autonomous_repo/install/turtle_control_pkg/include/turtle_control_pkg/turtle_control_pkg
-- Up-to-date: /home/omar-magdy/Autonomous_repo/install/turtle_control_pkg/include/turtle_control_pkg/turtle_control_pkg/srv
-- Up-to-date: /home/omar-magdy/Autonomous_repo/install/turtle_control_pkg/include/turtle_control_pkg/turtle_control_pkg/srv/detail
-- Up-to-date: /home/omar-magdy/Autonomous_repo/install/turtle_control_pkg/include/turtle_control_pkg/turtle_control_pkg/srv/detail/add_three_ints__type_support.cpp
-- Up-to-date: /home/omar-magdy/Autonomous_repo/install/turtle_control_pkg/include/turtle_control_pkg/turtle_control_pkg/srv/detail/add_three_ints__rosidl_typesupport_introspection_cpp.hpp
-- Up-to-date: /home/omar-magdy/Autonomous_repo/install/turtle_control_pkg/include/turtle_control_pkg/turtle_control_pkg/msg
-- Up-to-date: /home/omar-magdy/Autonomous_repo/install/turtle_control_pkg/include/turtle_control_pkg/turtle_control_pkg/msg/detail
-- Up-to-date: /home/omar-magdy/Autonomous_repo/install/turtle_control_pkg/include/turtle_control_pkg/turtle_control_pkg/msg/detail/sphere__type_support.cpp
-- Up-to-date: /home/omar-magdy/Autonomous_repo/install/turtle_control_pkg/include/turtle_control_pkg/turtle_control_pkg/msg/detail/sphere__rosidl_typesupport_introspection_cpp.hpp
-- Up-to-date: /home/omar-magdy/Autonomous_repo/install/turtle_control_pkg/include/turtle_control_pkg/turtle_control_pkg/msg/detail/num__type_support.cpp
-- Up-to-date: /home/omar-magdy/Autonomous_repo/install/turtle_control_pkg/include/turtle_control_pkg/turtle_control_pkg/msg/detail/num__rosidl_typesupport_introspection_cpp.hpp
-- Up-to-date: /home/omar-magdy/Autonomous_repo/install/turtle_control_pkg/lib/libturtle_control_pkg__rosidl_typesupport_introspection_cpp.so
-- Up-to-date: /home/omar-magdy/Autonomous_repo/install/turtle_control_pkg/lib/libturtle_control_pkg__rosidl_typesupport_cpp.so
-- Up-to-date: /home/omar-magdy/Autonomous_repo/install/turtle_control_pkg/share/turtle_control_pkg/environment/pythonpath.sh
-- Up-to-date: /home/omar-magdy/Autonomous_repo/install/turtle_control_pkg/share/turtle_control_pkg/environment/pythonpath.dsv
-- Up-to-date: /home/omar-magdy/Autonomous_repo/install/turtle_control_pkg/lib/python3.12/site-packages/turtle_control_pkg-0.0.0-py3.12.egg-info
-- Installing: /home/omar-magdy/Autonomous_repo/install/turtle_control_pkg/lib/python3.12/site-packages/turtle_control_pkg-0.0.0-py3.12.egg-info/PKG-INFO
-- Installing: /home/omar-magdy/Autonomous_repo/install/turtle_control_pkg/lib/python3.12/site-packages/turtle_control_pkg-0.0.0-py3.12.egg-info/SOURCES.txt
-- Installing: /home/omar-magdy/Autonomous_repo/install/turtle_control_pkg/lib/python3.12/site-packages/turtle_control_pkg-0.0.0-py3.12.egg-info/top_level.txt
-- Installing: /home/omar-magdy/Autonomous_repo/install/turtle_control_pkg/lib/python3.12/site-packages/turtle_control_pkg-0.0.0-py3.12.egg-info/dependency_links.txt
-- Up-to-date: /home/omar-magdy/Autonomous_repo/install/turtle_control_pkg/lib/python3.12/site-packages/turtle_control_pkg
-- Up-to-date: /home/omar-magdy/Autonomous_repo/install/turtle_control_pkg/lib/python3.12/site-packages/turtle_control_pkg/turtle_control_pkg_s__rosidl_typesupport_c.so
-- Up-to-date: /home/omar-magdy/Autonomous_repo/install/turtle_control_pkg/lib/python3.12/site-packages/turtle_control_pkg/turtle_control_pkg_s__rosidl_typesupport_introspection_c.so
-- Up-to-date: /home/omar-magdy/Autonomous_repo/install/turtle_control_pkg/lib/python3.12/site-packages/turtle_control_pkg/__init__.py
-- Up-to-date: /home/omar-magdy/Autonomous_repo/install/turtle_control_pkg/lib/python3.12/site-packages/turtle_control_pkg/_turtle_control_pkg_s.ep.rosidl_typesupport_fastrtps_c.c
-- Up-to-date: /home/omar-magdy/Autonomous_repo/install/turtle_control_pkg/lib/python3.12/site-packages/turtle_control_pkg/srv
-- Up-to-date: /home/omar-magdy/Autonomous_repo/install/turtle_control_pkg/lib/python3.12/site-packages/turtle_control_pkg/srv/_add_three_ints_s.c
-- Up-to-date: /home/omar-magdy/Autonomous_repo/install/turtle_control_pkg/lib/python3.12/site-packages/turtle_control_pkg/srv/__init__.py
-- Up-to-date: /home/omar-magdy/Autonomous_repo/install/turtle_control_pkg/lib/python3.12/site-packages/turtle_control_pkg/srv/_add_three_ints.py
-- Up-to-date: /home/omar-magdy/Autonomous_repo/install/turtle_control_pkg/lib/python3.12/site-packages/turtle_control_pkg/_turtle_control_pkg_s.ep.rosidl_typesupport_introspection_c.c
-- Up-to-date: /home/omar-magdy/Autonomous_repo/install/turtle_control_pkg/lib/python3.12/site-packages/turtle_control_pkg/msg
-- Up-to-date: /home/omar-magdy/Autonomous_repo/install/turtle_control_pkg/lib/python3.12/site-packages/turtle_control_pkg/msg/_sphere_s.c
-- Up-to-date: /home/omar-magdy/Autonomous_repo/install/turtle_control_pkg/lib/python3.12/site-packages/turtle_control_pkg/msg/__init__.py
-- Up-to-date: /home/omar-magdy/Autonomous_repo/install/turtle_control_pkg/lib/python3.12/site-packages/turtle_control_pkg/msg/_num_s.c
-- Up-to-date: /home/omar-magdy/Autonomous_repo/install/turtle_control_pkg/lib/python3.12/site-packages/turtle_control_pkg/msg/_sphere.py
-- Up-to-date: /home/omar-magdy/Autonomous_repo/install/turtle_control_pkg/lib/python3.12/site-packages/turtle_control_pkg/msg/_num.py
-- Up-to-date: /home/omar-magdy/Autonomous_repo/install/turtle_control_pkg/lib/python3.12/site-packages/turtle_control_pkg/_turtle_control_pkg_s.ep.rosidl_typesupport_c.c
-- Up-to-date: /home/omar-magdy/Autonomous_repo/install/turtle_control_pkg/lib/python3.12/site-packages/turtle_control_pkg/turtle_control_pkg_s__rosidl_typesupport_fastrtps_c.so
Listing '/home/omar-magdy/Autonomous_repo/install/turtle_control_pkg/lib/python3.12/site-packages/turtle_control_pkg'...
Listing '/home/omar-magdy/Autonomous_repo/install/turtle_control_pkg/lib/python3.12/site-packages/turtle_control_pkg/msg'...
Listing '/home/omar-magdy/Autonomous_repo/install/turtle_control_pkg/lib/python3.12/site-packages/turtle_control_pkg/srv'...
-- Up-to-date: /home/omar-magdy/Autonomous_repo/install/turtle_control_pkg/lib/python3.12/site-packages/turtle_control_pkg/turtle_control_pkg_s__rosidl_typesupport_fastrtps_c.so
-- Up-to-date: /home/omar-magdy/Autonomous_repo/install/turtle_control_pkg/lib/python3.12/site-packages/turtle_control_pkg/turtle_control_pkg_s__rosidl_typesupport_introspection_c.so
-- Up-to-date: /home/omar-magdy/Autonomous_repo/install/turtle_control_pkg/lib/python3.12/site-packages/turtle_control_pkg/turtle_control_pkg_s__rosidl_typesupport_c.so
-- Up-to-date: /home/omar-magdy/Autonomous_repo/install/turtle_control_pkg/lib/libturtle_control_pkg__rosidl_generator_py.so
-- Up-to-date: /home/omar-magdy/Autonomous_repo/install/turtle_control_pkg/share/turtle_control_pkg/msg/Num.idl
-- Up-to-date: /home/omar-magdy/Autonomous_repo/install/turtle_control_pkg/share/turtle_control_pkg/msg/Sphere.idl
-- Up-to-date: /home/omar-magdy/Autonomous_repo/install/turtle_control_pkg/share/turtle_control_pkg/srv/AddThreeInts.idl
-- Up-to-date: /home/omar-magdy/Autonomous_repo/install/turtle_control_pkg/share/turtle_control_pkg/msg/Num.msg
-- Up-to-date: /home/omar-magdy/Autonomous_repo/install/turtle_control_pkg/share/turtle_control_pkg/msg/Sphere.msg
-- Up-to-date: /home/omar-magdy/Autonomous_repo/install/turtle_control_pkg/share/turtle_control_pkg/srv/AddThreeInts.srv
-- Up-to-date: /home/omar-magdy/Autonomous_repo/install/turtle_control_pkg/share/ament_index/resource_index/package_run_dependencies/turtle_control_pkg
-- Up-to-date: /home/omar-magdy/Autonomous_repo/install/turtle_control_pkg/share/ament_index/resource_index/parent_prefix_path/turtle_control_pkg
-- Up-to-date: /home/omar-magdy/Autonomous_repo/install/turtle_control_pkg/share/turtle_control_pkg/environment/ament_prefix_path.sh
-- Up-to-date: /home/omar-magdy/Autonomous_repo/install/turtle_control_pkg/share/turtle_control_pkg/environment/ament_prefix_path.dsv
-- Up-to-date: /home/omar-magdy/Autonomous_repo/install/turtle_control_pkg/share/turtle_control_pkg/environment/path.sh
-- Up-to-date: /home/omar-magdy/Autonomous_repo/install/turtle_control_pkg/share/turtle_control_pkg/environment/path.dsv
-- Up-to-date: /home/omar-magdy/Autonomous_repo/install/turtle_control_pkg/share/turtle_control_pkg/local_setup.bash
-- Up-to-date: /home/omar-magdy/Autonomous_repo/install/turtle_control_pkg/share/turtle_control_pkg/local_setup.sh
-- Up-to-date: /home/omar-magdy/Autonomous_repo/install/turtle_control_pkg/share/turtle_control_pkg/local_setup.zsh
-- Up-to-date: /home/omar-magdy/Autonomous_repo/install/turtle_control_pkg/share/turtle_control_pkg/local_setup.dsv
-- Installing: /home/omar-magdy/Autonomous_repo/install/turtle_control_pkg/share/turtle_control_pkg/package.dsv
-- Up-to-date: /home/omar-magdy/Autonomous_repo/install/turtle_control_pkg/share/ament_index/resource_index/packages/turtle_control_pkg
-- Up-to-date: /home/omar-magdy/Autonomous_repo/install/turtle_control_pkg/share/turtle_control_pkg/cmake/export_turtle_control_pkg__rosidl_generator_cExport.cmake
-- Up-to-date: /home/omar-magdy/Autonomous_repo/install/turtle_control_pkg/share/turtle_control_pkg/cmake/export_turtle_control_pkg__rosidl_generator_cExport-noconfig.cmake
-- Up-to-date: /home/omar-magdy/Autonomous_repo/install/turtle_control_pkg/share/turtle_control_pkg/cmake/export_turtle_control_pkg__rosidl_typesupport_fastrtps_cExport.cmake
-- Up-to-date: /home/omar-magdy/Autonomous_repo/install/turtle_control_pkg/share/turtle_control_pkg/cmake/export_turtle_control_pkg__rosidl_typesupport_fastrtps_cExport-noconfig.cmake
-- Up-to-date: /home/omar-magdy/Autonomous_repo/install/turtle_control_pkg/share/turtle_control_pkg/cmake/export_turtle_control_pkg__rosidl_generator_cppExport.cmake
-- Up-to-date: /home/omar-magdy/Autonomous_repo/install/turtle_control_pkg/share/turtle_control_pkg/cmake/export_turtle_control_pkg__rosidl_typesupport_fastrtps_cppExport.cmake
-- Up-to-date: /home/omar-magdy/Autonomous_repo/install/turtle_control_pkg/share/turtle_control_pkg/cmake/export_turtle_control_pkg__rosidl_typesupport_fastrtps_cppExport-noconfig.cmake
-- Up-to-date: /home/omar-magdy/Autonomous_repo/install/turtle_control_pkg/share/turtle_control_pkg/cmake/turtle_control_pkg__rosidl_typesupport_introspection_cExport.cmake
-- Up-to-date: /home/omar-magdy/Autonomous_repo/install/turtle_control_pkg/share/turtle_control_pkg/cmake/turtle_control_pkg__rosidl_typesupport_introspection_cExport-noconfig.cmake
-- Up-to-date: /home/omar-magdy/Autonomous_repo/install/turtle_control_pkg/share/turtle_control_pkg/cmake/turtle_control_pkg__rosidl_typesupport_cExport.cmake
-- Up-to-date: /home/omar-magdy/Autonomous_repo/install/turtle_control_pkg/share/turtle_control_pkg/cmake/turtle_control_pkg__rosidl_typesupport_cExport-noconfig.cmake
-- Up-to-date: /home/omar-magdy/Autonomous_repo/install/turtle_control_pkg/share/turtle_control_pkg/cmake/turtle_control_pkg__rosidl_typesupport_introspection_cppExport.cmake
-- Up-to-date: /home/omar-magdy/Autonomous_repo/install/turtle_control_pkg/share/turtle_control_pkg/cmake/turtle_control_pkg__rosidl_typesupport_introspection_cppExport-noconfig.cmake
-- Up-to-date: /home/omar-magdy/Autonomous_repo/install/turtle_control_pkg/share/turtle_control_pkg/cmake/turtle_control_pkg__rosidl_typesupport_cppExport.cmake
-- Up-to-date: /home/omar-magdy/Autonomous_repo/install/turtle_control_pkg/share/turtle_control_pkg/cmake/turtle_control_pkg__rosidl_typesupport_cppExport-noconfig.cmake
-- Up-to-date: /home/omar-magdy/Autonomous_repo/install/turtle_control_pkg/share/turtle_control_pkg/cmake/export_turtle_control_pkg__rosidl_generator_pyExport.cmake
-- Up-to-date: /home/omar-magdy/Autonomous_repo/install/turtle_control_pkg/share/turtle_control_pkg/cmake/export_turtle_control_pkg__rosidl_generator_pyExport-noconfig.cmake
-- Up-to-date: /home/omar-magdy/Autonomous_repo/install/turtle_control_pkg/share/turtle_control_pkg/cmake/rosidl_cmake-extras.cmake
-- Up-to-date: /home/omar-magdy/Autonomous_repo/install/turtle_control_pkg/share/turtle_control_pkg/cmake/ament_cmake_export_dependencies-extras.cmake
-- Up-to-date: /home/omar-magdy/Autonomous_repo/install/turtle_control_pkg/share/turtle_control_pkg/cmake/ament_cmake_export_include_directories-extras.cmake
-- Up-to-date: /home/omar-magdy/Autonomous_repo/install/turtle_control_pkg/share/turtle_control_pkg/cmake/ament_cmake_export_libraries-extras.cmake
-- Up-to-date: /home/omar-magdy/Autonomous_repo/install/turtle_control_pkg/share/turtle_control_pkg/cmake/ament_cmake_export_targets-extras.cmake
-- Up-to-date: /home/omar-magdy/Autonomous_repo/install/turtle_control_pkg/share/turtle_control_pkg/cmake/rosidl_cmake_export_typesupport_targets-extras.cmake
-- Up-to-date: /home/omar-magdy/Autonomous_repo/install/turtle_control_pkg/share/turtle_control_pkg/cmake/rosidl_cmake_export_typesupport_libraries-extras.cmake
-- Up-to-date: /home/omar-magdy/Autonomous_repo/install/turtle_control_pkg/share/turtle_control_pkg/cmake/turtle_control_pkgConfig.cmake
-- Up-to-date: /home/omar-magdy/Autonomous_repo/install/turtle_control_pkg/share/turtle_control_pkg/cmake/turtle_control_pkgConfig-version.cmake
-- Up-to-date: /home/omar-magdy/Autonomous_repo/install/turtle_control_pkg/share/turtle_control_pkg/package.xml
